<?xml version="1.0" encoding="utf-8"?>
<test-run id="2" name="Generics.Robots.exe" fullname="D:/1Рабочий стол/что-то/документы/Институт/3курс/РТиППО/практики/11 Практика «Роботы»/Generics.Robots.csproj/bin/Debug/Generics.Robots.exe" testcasecount="3" result="Passed" start-time="2021-10-17 11:34:57Z" end-time="2021-10-17 11:34:58Z" duration="0.254894" total="3" passed="3" failed="0" inconclusive="0" skipped="0" asserts="3" random-seed="1381137704">
  <command-line><![CDATA["D:\1Рабочий стол\что-то\документы\Институт\3курс\РТиППО\практики\11 Практика «Роботы»\Generics.Robots.csproj\bin\Debug\Generics.Robots.exe" ]]></command-line>
  <filter />
  <test-suite type="Assembly" id="1004" name="Generics.Robots.exe" fullname="D:/1Рабочий стол/что-то/документы/Институт/3курс/РТиППО/практики/11 Практика «Роботы»/Generics.Robots.csproj/bin/Debug/Generics.Robots.exe" runstate="Runnable" testcasecount="3" result="Passed" start-time="2021-10-17 11:34:57Z" end-time="2021-10-17 11:34:58Z" duration="0.254894" total="3" passed="3" failed="0" warnings="0" inconclusive="0" skipped="0" asserts="3">
    <environment framework-version="3.6.0.0" clr-version="4.0.30319.42000" os-version="Microsoft Windows NT 6.2.9200.0" platform="Win32NT" cwd="D:\1Рабочий стол\что-то\документы\Институт\3курс\РТиППО\практики\11 Практика «Роботы»\Generics.Robots.csproj\bin\Debug" machine-name="DESKTOP-9ANHSO3" user="89123" user-domain="DESKTOP-9ANHSO3" culture="ru-RU" uiculture="ru-RU" os-architecture="x86" />
    <settings>
      <setting name="WorkDirectory" value="D:\1Рабочий стол\что-то\документы\Институт\3курс\РТиППО\практики\11 Практика «Роботы»\Generics.Robots.csproj\bin\Debug" />
      <setting name="NumberOfTestWorkers" value="4" />
    </settings>
    <properties>
      <property name="_PID" value="11580" />
      <property name="_APPDOMAIN" value="Generics.Robots.exe" />
    </properties>
    <test-suite type="TestSuite" id="1005" name="Generics" fullname="Generics" runstate="Runnable" testcasecount="3" result="Passed" start-time="2021-10-17 11:34:57Z" end-time="2021-10-17 11:34:58Z" duration="0.219708" total="3" passed="3" failed="0" warnings="0" inconclusive="0" skipped="0" asserts="3">
      <test-suite type="TestSuite" id="1006" name="Robots" fullname="Generics.Robots" runstate="Runnable" testcasecount="3" result="Passed" start-time="2021-10-17 11:34:57Z" end-time="2021-10-17 11:34:58Z" duration="0.190607" total="3" passed="3" failed="0" warnings="0" inconclusive="0" skipped="0" asserts="3">
        <test-suite type="TestFixture" id="1000" name="Architecture_Should" fullname="Generics.Robots.Architecture_Should" classname="Generics.Robots.Architecture_Should" runstate="Runnable" testcasecount="3" result="Passed" start-time="2021-10-17 11:34:57Z" end-time="2021-10-17 11:34:58Z" duration="0.161826" total="3" passed="3" failed="0" warnings="0" inconclusive="0" skipped="0" asserts="3">
          <test-case id="1003" name="BeCorrectForBuilder" fullname="Generics.Robots.Architecture_Should.BeCorrectForBuilder" methodname="BeCorrectForBuilder" classname="Generics.Robots.Architecture_Should" runstate="Runnable" seed="967301431" result="Passed" start-time="2021-10-17 11:34:58Z" end-time="2021-10-17 11:34:58Z" duration="0.063619" asserts="1" />
          <test-case id="1001" name="BeCorrectForShooterAiWithShooterMover" fullname="Generics.Robots.Architecture_Should.BeCorrectForShooterAiWithShooterMover" methodname="BeCorrectForShooterAiWithShooterMover" classname="Generics.Robots.Architecture_Should" runstate="Runnable" seed="1749134382" result="Passed" start-time="2021-10-17 11:34:58Z" end-time="2021-10-17 11:34:58Z" duration="0.001429" asserts="1" />
          <test-case id="1002" name="BeCorrectForShooterAiWithStandardMover" fullname="Generics.Robots.Architecture_Should.BeCorrectForShooterAiWithStandardMover" methodname="BeCorrectForShooterAiWithStandardMover" classname="Generics.Robots.Architecture_Should" runstate="Runnable" seed="1665260522" result="Passed" start-time="2021-10-17 11:34:58Z" end-time="2021-10-17 11:34:58Z" duration="0.000631" asserts="1" />
        </test-suite>
      </test-suite>
    </test-suite>
  </test-suite>
</test-run>