<?xml version="1.0" encoding="utf-8"?>
<test-run id="2" name="Delegates.TreeTraversal.exe" fullname="D:/1Рабочий стол/что-то/документы/Институт/3курс/РТиППО/практики/14 Практика «Обходы деревьев»/Delegates.TreeTraversal.csproj/bin/Debug/Delegates.TreeTraversal.exe" testcasecount="3" result="Passed" start-time="2021-11-09 14:45:33Z" end-time="2021-11-09 14:45:33Z" duration="0.201715" total="3" passed="3" failed="0" inconclusive="0" skipped="0" asserts="3" random-seed="579631682">
  <command-line><![CDATA["D:\1Рабочий стол\что-то\документы\Институт\3курс\РТиППО\практики\14 Практика «Обходы деревьев»\Delegates.TreeTraversal.csproj\bin\Debug\Delegates.TreeTraversal.exe"   ]]></command-line>
  <filter />
  <test-suite type="Assembly" id="1004" name="Delegates.TreeTraversal.exe" fullname="D:/1Рабочий стол/что-то/документы/Институт/3курс/РТиППО/практики/14 Практика «Обходы деревьев»/Delegates.TreeTraversal.csproj/bin/Debug/Delegates.TreeTraversal.exe" runstate="Runnable" testcasecount="3" result="Passed" start-time="2021-11-09 14:45:33Z" end-time="2021-11-09 14:45:33Z" duration="0.201715" total="3" passed="3" failed="0" warnings="0" inconclusive="0" skipped="0" asserts="3">
    <environment framework-version="3.6.0.0" clr-version="4.0.30319.42000" os-version="Microsoft Windows NT 6.2.9200.0" platform="Win32NT" cwd="D:\1Рабочий стол\что-то\документы\Институт\3курс\РТиППО\практики\14 Практика «Обходы деревьев»\Delegates.TreeTraversal.csproj\bin\Debug" machine-name="DESKTOP-9ANHSO3" user="89123" user-domain="DESKTOP-9ANHSO3" culture="ru-RU" uiculture="ru-RU" os-architecture="x86" />
    <settings>
      <setting name="WorkDirectory" value="D:\1Рабочий стол\что-то\документы\Институт\3курс\РТиППО\практики\14 Практика «Обходы деревьев»\Delegates.TreeTraversal.csproj\bin\Debug" />
      <setting name="NumberOfTestWorkers" value="4" />
    </settings>
    <properties>
      <property name="_PID" value="9240" />
      <property name="_APPDOMAIN" value="Delegates.TreeTraversal.exe" />
    </properties>
    <test-suite type="TestSuite" id="1005" name="Delegates" fullname="Delegates" runstate="Runnable" testcasecount="3" result="Passed" start-time="2021-11-09 14:45:33Z" end-time="2021-11-09 14:45:33Z" duration="0.170655" total="3" passed="3" failed="0" warnings="0" inconclusive="0" skipped="0" asserts="3">
      <test-suite type="TestSuite" id="1006" name="TreeTraversal" fullname="Delegates.TreeTraversal" runstate="Runnable" testcasecount="3" result="Passed" start-time="2021-11-09 14:45:33Z" end-time="2021-11-09 14:45:33Z" duration="0.141295" total="3" passed="3" failed="0" warnings="0" inconclusive="0" skipped="0" asserts="3">
        <test-suite type="TestFixture" id="1000" name="Traversal_should" fullname="Delegates.TreeTraversal.Traversal_should" classname="Delegates.TreeTraversal.Traversal_should" runstate="Runnable" testcasecount="3" result="Passed" start-time="2021-11-09 14:45:33Z" end-time="2021-11-09 14:45:33Z" duration="0.111530" total="3" passed="3" failed="0" warnings="0" inconclusive="0" skipped="0" asserts="3">
          <test-case id="1001" name="GetBinaryTreeValues" fullname="Delegates.TreeTraversal.Traversal_should.GetBinaryTreeValues" methodname="GetBinaryTreeValues" classname="Delegates.TreeTraversal.Traversal_should" runstate="Runnable" seed="1229971638" result="Passed" start-time="2021-11-09 14:45:33Z" end-time="2021-11-09 14:45:33Z" duration="0.021225" asserts="1" />
          <test-case id="1002" name="GetEndJobs" fullname="Delegates.TreeTraversal.Traversal_should.GetEndJobs" methodname="GetEndJobs" classname="Delegates.TreeTraversal.Traversal_should" runstate="Runnable" seed="2075379192" result="Passed" start-time="2021-11-09 14:45:33Z" end-time="2021-11-09 14:45:33Z" duration="0.003560" asserts="1" />
          <test-case id="1003" name="GetProducts" fullname="Delegates.TreeTraversal.Traversal_should.GetProducts" methodname="GetProducts" classname="Delegates.TreeTraversal.Traversal_should" runstate="Runnable" seed="1522018746" result="Passed" start-time="2021-11-09 14:45:33Z" end-time="2021-11-09 14:45:33Z" duration="0.001257" asserts="1" />
        </test-suite>
      </test-suite>
    </test-suite>
  </test-suite>
</test-run>