<?xml version="1.0" encoding="utf-8"?>
<test-run id="2" name="Generics.Table.exe" fullname="D:/1Рабочий стол/что-то/документы/Институт/3курс/РТиППО/практики/10 Практика «Таблицы»/Generics.Tables.csproj/bin/Debug/Generics.Table.exe" testcasecount="9" result="Passed" start-time="2021-10-16 17:04:46Z" end-time="2021-10-16 17:04:46Z" duration="0.577997" total="9" passed="9" failed="0" inconclusive="0" skipped="0" asserts="19" random-seed="590252235">
  <command-line><![CDATA["D:\1Рабочий стол\что-то\документы\Институт\3курс\РТиППО\практики\10 Практика «Таблицы»\Generics.Tables.csproj\bin\Debug\Generics.Table.exe" ]]></command-line>
  <filter />
  <test-suite type="Assembly" id="1012" name="Generics.Table.exe" fullname="D:/1Рабочий стол/что-то/документы/Институт/3курс/РТиППО/практики/10 Практика «Таблицы»/Generics.Tables.csproj/bin/Debug/Generics.Table.exe" runstate="Runnable" testcasecount="9" result="Passed" start-time="2021-10-16 17:04:46Z" end-time="2021-10-16 17:04:46Z" duration="0.577997" total="9" passed="9" failed="0" warnings="0" inconclusive="0" skipped="0" asserts="19">
    <environment framework-version="3.6.0.0" clr-version="4.0.30319.42000" os-version="Microsoft Windows NT 6.2.9200.0" platform="Win32NT" cwd="D:\1Рабочий стол\что-то\документы\Институт\3курс\РТиППО\практики\10 Практика «Таблицы»\Generics.Tables.csproj\bin\Debug" machine-name="DESKTOP-9ANHSO3" user="89123" user-domain="DESKTOP-9ANHSO3" culture="ru-RU" uiculture="ru-RU" os-architecture="x86" />
    <settings>
      <setting name="WorkDirectory" value="D:\1Рабочий стол\что-то\документы\Институт\3курс\РТиППО\практики\10 Практика «Таблицы»\Generics.Tables.csproj\bin\Debug" />
      <setting name="NumberOfTestWorkers" value="4" />
    </settings>
    <properties>
      <property name="_PID" value="3480" />
      <property name="_APPDOMAIN" value="Generics.Table.exe" />
    </properties>
    <test-suite type="TestSuite" id="1013" name="Generics" fullname="Generics" runstate="Runnable" testcasecount="9" result="Passed" start-time="2021-10-16 17:04:46Z" end-time="2021-10-16 17:04:46Z" duration="0.546250" total="9" passed="9" failed="0" warnings="0" inconclusive="0" skipped="0" asserts="19">
      <test-suite type="TestSuite" id="1014" name="Tables" fullname="Generics.Tables" runstate="Runnable" testcasecount="9" result="Passed" start-time="2021-10-16 17:04:46Z" end-time="2021-10-16 17:04:46Z" duration="0.514172" total="9" passed="9" failed="0" warnings="0" inconclusive="0" skipped="0" asserts="19">
        <test-suite type="TestFixture" id="1009" name="TableBothIndices_should" fullname="Generics.Tables.TableBothIndices_should" classname="Generics.Tables.TableBothIndices_should" runstate="Runnable" testcasecount="2" result="Passed" start-time="2021-10-16 17:04:46Z" end-time="2021-10-16 17:04:46Z" duration="0.095416" total="2" passed="2" failed="0" warnings="0" inconclusive="0" skipped="0" asserts="2">
          <test-case id="1010" name="WorkTogether1" fullname="Generics.Tables.TableBothIndices_should.WorkTogether1" methodname="WorkTogether1" classname="Generics.Tables.TableBothIndices_should" runstate="Runnable" seed="793263877" result="Passed" start-time="2021-10-16 17:04:46Z" end-time="2021-10-16 17:04:46Z" duration="0.027587" asserts="1" />
          <test-case id="1011" name="WorkTogether2" fullname="Generics.Tables.TableBothIndices_should.WorkTogether2" methodname="WorkTogether2" classname="Generics.Tables.TableBothIndices_should" runstate="Runnable" seed="258863123" result="Passed" start-time="2021-10-16 17:04:46Z" end-time="2021-10-16 17:04:46Z" duration="0.022026" asserts="1" />
        </test-suite>
        <test-suite type="TestFixture" id="1006" name="TableExistedIndex_should" fullname="Generics.Tables.TableExistedIndex_should" classname="Generics.Tables.TableExistedIndex_should" runstate="Runnable" testcasecount="2" result="Passed" start-time="2021-10-16 17:04:46Z" end-time="2021-10-16 17:04:46Z" duration="0.093140" total="2" passed="2" failed="0" warnings="0" inconclusive="0" skipped="0" asserts="2">
          <test-case id="1008" name="GetDefaultIfNoValueSet" fullname="Generics.Tables.TableExistedIndex_should.GetDefaultIfNoValueSet" methodname="GetDefaultIfNoValueSet" classname="Generics.Tables.TableExistedIndex_should" runstate="Runnable" seed="148515381" result="Passed" start-time="2021-10-16 17:04:46Z" end-time="2021-10-16 17:04:46Z" duration="0.021560" asserts="1" />
          <test-case id="1007" name="SetToExistedRowAndColumn" fullname="Generics.Tables.TableExistedIndex_should.SetToExistedRowAndColumn" methodname="SetToExistedRowAndColumn" classname="Generics.Tables.TableExistedIndex_should" runstate="Runnable" seed="782292555" result="Passed" start-time="2021-10-16 17:04:46Z" end-time="2021-10-16 17:04:46Z" duration="0.026309" asserts="1" />
        </test-suite>
        <test-suite type="TestFixture" id="1000" name="TableOpenIndex_should" fullname="Generics.Tables.TableOpenIndex_should" classname="Generics.Tables.TableOpenIndex_should" runstate="Runnable" testcasecount="5" result="Passed" start-time="2021-10-16 17:04:46Z" end-time="2021-10-16 17:04:46Z" duration="0.232291" total="5" passed="5" failed="0" warnings="0" inconclusive="0" skipped="0" asserts="15">
          <test-case id="1001" name="AddColumnsAndRows" fullname="Generics.Tables.TableOpenIndex_should.AddColumnsAndRows" methodname="AddColumnsAndRows" classname="Generics.Tables.TableOpenIndex_should" runstate="Runnable" seed="244456654" result="Passed" start-time="2021-10-16 17:04:46Z" end-time="2021-10-16 17:04:46Z" duration="0.025592" asserts="3" />
          <test-case id="1002" name="DontAddExistedColumnsAndRows1" fullname="Generics.Tables.TableOpenIndex_should.DontAddExistedColumnsAndRows1" methodname="DontAddExistedColumnsAndRows1" classname="Generics.Tables.TableOpenIndex_should" runstate="Runnable" seed="725575643" result="Passed" start-time="2021-10-16 17:04:46Z" end-time="2021-10-16 17:04:46Z" duration="0.023546" asserts="3" />
          <test-case id="1003" name="DontAddExistedColumnsAndRows2" fullname="Generics.Tables.TableOpenIndex_should.DontAddExistedColumnsAndRows2" methodname="DontAddExistedColumnsAndRows2" classname="Generics.Tables.TableOpenIndex_should" runstate="Runnable" seed="19683119" result="Passed" start-time="2021-10-16 17:04:46Z" end-time="2021-10-16 17:04:46Z" duration="0.023585" asserts="3" />
          <test-case id="1004" name="ReturnDefaultIfNoValueSet1" fullname="Generics.Tables.TableOpenIndex_should.ReturnDefaultIfNoValueSet1" methodname="ReturnDefaultIfNoValueSet1" classname="Generics.Tables.TableOpenIndex_should" runstate="Runnable" seed="1768153421" result="Passed" start-time="2021-10-16 17:04:46Z" end-time="2021-10-16 17:04:46Z" duration="0.020090" asserts="3" />
          <test-case id="1005" name="ReturnDefaultIfNoValueSet2" fullname="Generics.Tables.TableOpenIndex_should.ReturnDefaultIfNoValueSet2" methodname="ReturnDefaultIfNoValueSet2" classname="Generics.Tables.TableOpenIndex_should" runstate="Runnable" seed="683741199" result="Passed" start-time="2021-10-16 17:04:46Z" end-time="2021-10-16 17:04:46Z" duration="0.021113" asserts="3" />
        </test-suite>
      </test-suite>
    </test-suite>
  </test-suite>
</test-run>