<?xml version="1.0" encoding="utf-8"?>
<test-run id="2" name="Generics.BinaryTree.exe" fullname="D:/1Рабочий стол/что-то/документы/Институт/3курс/РТиППО/практики/9 Практика «Бинарное дерево»/Generics.BinaryTrees.csproj/bin/Debug/Generics.BinaryTree.exe" testcasecount="8" result="Passed" start-time="2021-10-14 16:57:53Z" end-time="2021-10-14 16:57:54Z" duration="0.858385" total="8" passed="8" failed="0" inconclusive="0" skipped="0" asserts="10" random-seed="560386989">
  <command-line><![CDATA["D:\1Рабочий стол\что-то\документы\Институт\3курс\РТиППО\практики\9 Практика «Бинарное дерево»\Generics.BinaryTrees.csproj\bin\Debug\Generics.BinaryTree.exe" ]]></command-line>
  <filter />
  <test-suite type="Assembly" id="1009" name="Generics.BinaryTree.exe" fullname="D:/1Рабочий стол/что-то/документы/Институт/3курс/РТиППО/практики/9 Практика «Бинарное дерево»/Generics.BinaryTrees.csproj/bin/Debug/Generics.BinaryTree.exe" runstate="Runnable" testcasecount="8" result="Passed" start-time="2021-10-14 16:57:53Z" end-time="2021-10-14 16:57:54Z" duration="0.858385" total="8" passed="8" failed="0" warnings="0" inconclusive="0" skipped="0" asserts="10">
    <environment framework-version="3.6.0.0" clr-version="4.0.30319.42000" os-version="Microsoft Windows NT 6.2.9200.0" platform="Win32NT" cwd="D:\1Рабочий стол\что-то\документы\Институт\3курс\РТиППО\практики\9 Практика «Бинарное дерево»\Generics.BinaryTrees.csproj\bin\Debug" machine-name="DESKTOP-9ANHSO3" user="89123" user-domain="DESKTOP-9ANHSO3" culture="ru-RU" uiculture="ru-RU" os-architecture="x86" />
    <settings>
      <setting name="WorkDirectory" value="D:\1Рабочий стол\что-то\документы\Институт\3курс\РТиППО\практики\9 Практика «Бинарное дерево»\Generics.BinaryTrees.csproj\bin\Debug" />
      <setting name="NumberOfTestWorkers" value="4" />
    </settings>
    <properties>
      <property name="_PID" value="17404" />
      <property name="_APPDOMAIN" value="Generics.BinaryTree.exe" />
    </properties>
    <test-suite type="TestSuite" id="1010" name="Generics" fullname="Generics" runstate="Runnable" testcasecount="8" result="Passed" start-time="2021-10-14 16:57:53Z" end-time="2021-10-14 16:57:54Z" duration="0.811559" total="8" passed="8" failed="0" warnings="0" inconclusive="0" skipped="0" asserts="10">
      <test-suite type="TestSuite" id="1011" name="BinaryTrees" fullname="Generics.BinaryTrees" runstate="Runnable" testcasecount="8" result="Passed" start-time="2021-10-14 16:57:53Z" end-time="2021-10-14 16:57:54Z" duration="0.781929" total="8" passed="8" failed="0" warnings="0" inconclusive="0" skipped="0" asserts="10">
        <test-suite type="TestFixture" id="1000" name="BinaryTree_should" fullname="Generics.BinaryTrees.BinaryTree_should" classname="Generics.BinaryTrees.BinaryTree_should" runstate="Runnable" testcasecount="8" result="Passed" start-time="2021-10-14 16:57:53Z" end-time="2021-10-14 16:57:54Z" duration="0.752672" total="8" passed="8" failed="0" warnings="0" inconclusive="0" skipped="0" asserts="10">
          <test-case id="1001" name="BeEmptyWhenCreated" fullname="Generics.BinaryTrees.BinaryTree_should.BeEmptyWhenCreated" methodname="BeEmptyWhenCreated" classname="Generics.BinaryTrees.BinaryTree_should" runstate="Runnable" seed="86664759" result="Passed" start-time="2021-10-14 16:57:53Z" end-time="2021-10-14 16:57:53Z" duration="0.014612" asserts="1" />
          <test-case id="1007" name="CanStoreDefaultValueOfT" fullname="Generics.BinaryTrees.BinaryTree_should.CanStoreDefaultValueOfT" methodname="CanStoreDefaultValueOfT" classname="Generics.BinaryTrees.BinaryTree_should" runstate="Runnable" seed="1910844102" result="Passed" start-time="2021-10-14 16:57:53Z" end-time="2021-10-14 16:57:53Z" duration="0.002787" asserts="1" />
          <test-case id="1008" name="EnumerationIsLazy" fullname="Generics.BinaryTrees.BinaryTree_should.EnumerationIsLazy" methodname="EnumerationIsLazy" classname="Generics.BinaryTrees.BinaryTree_should" runstate="Runnable" seed="1893456777" result="Passed" start-time="2021-10-14 16:57:53Z" end-time="2021-10-14 16:57:54Z" duration="0.492016" asserts="0" />
          <test-case id="1005" name="InitializeFromAnArrayAndSort1" fullname="Generics.BinaryTrees.BinaryTree_should.InitializeFromAnArrayAndSort1" methodname="InitializeFromAnArrayAndSort1" classname="Generics.BinaryTrees.BinaryTree_should" runstate="Runnable" seed="850822999" result="Passed" start-time="2021-10-14 16:57:54Z" end-time="2021-10-14 16:57:54Z" duration="0.000294" asserts="1" />
          <test-case id="1006" name="InitializeFromAnArrayAndSort2" fullname="Generics.BinaryTrees.BinaryTree_should.InitializeFromAnArrayAndSort2" methodname="InitializeFromAnArrayAndSort2" classname="Generics.BinaryTrees.BinaryTree_should" runstate="Runnable" seed="2056268141" result="Passed" start-time="2021-10-14 16:57:54Z" end-time="2021-10-14 16:57:54Z" duration="0.000842" asserts="1" />
          <test-case id="1003" name="PlaceEqualElementToLeft" fullname="Generics.BinaryTrees.BinaryTree_should.PlaceEqualElementToLeft" methodname="PlaceEqualElementToLeft" classname="Generics.BinaryTrees.BinaryTree_should" runstate="Runnable" seed="69615404" result="Passed" start-time="2021-10-14 16:57:54Z" end-time="2021-10-14 16:57:54Z" duration="0.001070" asserts="2" />
          <test-case id="1004" name="PlaceGreaterElementToRight" fullname="Generics.BinaryTrees.BinaryTree_should.PlaceGreaterElementToRight" methodname="PlaceGreaterElementToRight" classname="Generics.BinaryTrees.BinaryTree_should" runstate="Runnable" seed="841871074" result="Passed" start-time="2021-10-14 16:57:54Z" end-time="2021-10-14 16:57:54Z" duration="0.000415" asserts="2" />
          <test-case id="1002" name="PlaceLesserElementToLeft" fullname="Generics.BinaryTrees.BinaryTree_should.PlaceLesserElementToLeft" methodname="PlaceLesserElementToLeft" classname="Generics.BinaryTrees.BinaryTree_should" runstate="Runnable" seed="400686365" result="Passed" start-time="2021-10-14 16:57:54Z" end-time="2021-10-14 16:57:54Z" duration="0.000857" asserts="2" />
        </test-suite>
      </test-suite>
    </test-suite>
  </test-suite>
</test-run>