<?xml version="1.0" encoding="utf-8"?>
<test-run id="2" name="Inheritance.DataStructure.exe" fullname="D:/1Рабочий стол/что-то/документы/Институт/3курс/РТиППО/практики/5 Структура данных/Inheritance.DataStructure.csproj/bin/Debug/Inheritance.DataStructure.exe" testcasecount="6" result="Passed" start-time="2021-10-06 11:01:28Z" end-time="2021-10-06 11:01:28Z" duration="0.346787" total="6" passed="6" failed="0" inconclusive="0" skipped="0" asserts="145" random-seed="1064601813">
  <command-line><![CDATA["D:\1Рабочий стол\что-то\документы\Институт\3курс\РТиППО\практики\5 Структура данных\Inheritance.DataStructure.csproj\bin\Debug\Inheritance.DataStructure.exe" ]]></command-line>
  <filter />
  <test-suite type="Assembly" id="1007" name="Inheritance.DataStructure.exe" fullname="D:/1Рабочий стол/что-то/документы/Институт/3курс/РТиППО/практики/5 Структура данных/Inheritance.DataStructure.csproj/bin/Debug/Inheritance.DataStructure.exe" runstate="Runnable" testcasecount="6" result="Passed" start-time="2021-10-06 11:01:28Z" end-time="2021-10-06 11:01:28Z" duration="0.346787" total="6" passed="6" failed="0" warnings="0" inconclusive="0" skipped="0" asserts="145">
    <environment framework-version="3.6.0.0" clr-version="4.0.30319.42000" os-version="Microsoft Windows NT 6.2.9200.0" platform="Win32NT" cwd="D:\1Рабочий стол\что-то\документы\Институт\3курс\РТиППО\практики\5 Структура данных\Inheritance.DataStructure.csproj\bin\Debug" machine-name="DESKTOP-9ANHSO3" user="89123" user-domain="DESKTOP-9ANHSO3" culture="ru-RU" uiculture="ru-RU" os-architecture="x86" />
    <settings>
      <setting name="WorkDirectory" value="D:\1Рабочий стол\что-то\документы\Институт\3курс\РТиППО\практики\5 Структура данных\Inheritance.DataStructure.csproj\bin\Debug" />
      <setting name="NumberOfTestWorkers" value="4" />
    </settings>
    <properties>
      <property name="_PID" value="16772" />
      <property name="_APPDOMAIN" value="Inheritance.DataStructure.exe" />
    </properties>
    <test-suite type="TestSuite" id="1008" name="Inheritance" fullname="Inheritance" runstate="Runnable" testcasecount="6" result="Passed" start-time="2021-10-06 11:01:28Z" end-time="2021-10-06 11:01:28Z" duration="0.283785" total="6" passed="6" failed="0" warnings="0" inconclusive="0" skipped="0" asserts="145">
      <test-suite type="TestSuite" id="1009" name="DataStructure" fullname="Inheritance.DataStructure" runstate="Runnable" testcasecount="6" result="Passed" start-time="2021-10-06 11:01:28Z" end-time="2021-10-06 11:01:28Z" duration="0.255545" total="6" passed="6" failed="0" warnings="0" inconclusive="0" skipped="0" asserts="145">
        <test-suite type="TestFixture" id="1000" name="Category_should" fullname="Inheritance.DataStructure.Category_should" classname="Inheritance.DataStructure.Category_should" runstate="Runnable" testcasecount="6" result="Passed" start-time="2021-10-06 11:01:28Z" end-time="2021-10-06 11:01:28Z" duration="0.222303" total="6" passed="6" failed="0" warnings="0" inconclusive="0" skipped="0" asserts="145">
          <test-case id="1003" name="ImplementCompareToCorrectly" fullname="Inheritance.DataStructure.Category_should.ImplementCompareToCorrectly" methodname="ImplementCompareToCorrectly" classname="Inheritance.DataStructure.Category_should" runstate="Runnable" seed="247799986" result="Passed" start-time="2021-10-06 11:01:28Z" end-time="2021-10-06 11:01:28Z" duration="0.026350" asserts="17" />
          <test-case id="1001" name="ImplementEqualsCorrectly" fullname="Inheritance.DataStructure.Category_should.ImplementEqualsCorrectly" methodname="ImplementEqualsCorrectly" classname="Inheritance.DataStructure.Category_should" runstate="Runnable" seed="1015487580" result="Passed" start-time="2021-10-06 11:01:28Z" end-time="2021-10-06 11:01:28Z" duration="0.016090" asserts="17" />
          <test-case id="1002" name="ImplementGetHashCodeCorrectly" fullname="Inheritance.DataStructure.Category_should.ImplementGetHashCodeCorrectly" methodname="ImplementGetHashCodeCorrectly" classname="Inheritance.DataStructure.Category_should" runstate="Runnable" seed="1663997305" result="Passed" start-time="2021-10-06 11:01:28Z" end-time="2021-10-06 11:01:28Z" duration="0.008988" asserts="13" />
          <test-case id="1005" name="ImplementIComparableInterface" fullname="Inheritance.DataStructure.Category_should.ImplementIComparableInterface" methodname="ImplementIComparableInterface" classname="Inheritance.DataStructure.Category_should" runstate="Runnable" seed="1773316982" result="Passed" start-time="2021-10-06 11:01:28Z" end-time="2021-10-06 11:01:28Z" duration="0.000214" asserts="1" />
          <test-case id="1004" name="ImplementOperatorsCorrectly" fullname="Inheritance.DataStructure.Category_should.ImplementOperatorsCorrectly" methodname="ImplementOperatorsCorrectly" classname="Inheritance.DataStructure.Category_should" runstate="Runnable" seed="1535657344" result="Passed" start-time="2021-10-06 11:01:28Z" end-time="2021-10-06 11:01:28Z" duration="0.002037" asserts="96" />
          <test-case id="1006" name="ImplementToStringCorrectly" fullname="Inheritance.DataStructure.Category_should.ImplementToStringCorrectly" methodname="ImplementToStringCorrectly" classname="Inheritance.DataStructure.Category_should" runstate="Runnable" seed="711357480" result="Passed" start-time="2021-10-06 11:01:28Z" end-time="2021-10-06 11:01:28Z" duration="0.000768" asserts="1" />
        </test-suite>
      </test-suite>
    </test-suite>
  </test-suite>
</test-run>