<?xml version="1.0" encoding="utf-8"?>
<test-run id="2" name="Delegates.Reports.exe" fullname="D:/1Рабочий стол/что-то/документы/Институт/3курс/РТиППО/практики/12 Практика «Генератор отчетов»/Delegates.Reports.csproj/bin/Debug/Delegates.Reports.exe" testcasecount="4" result="Passed" start-time="2021-11-04 11:36:16Z" end-time="2021-11-04 11:36:16Z" duration="0.234941" total="4" passed="4" failed="0" inconclusive="0" skipped="0" asserts="4" random-seed="1768533295">
  <command-line><![CDATA["D:\1Рабочий стол\что-то\документы\Институт\3курс\РТиППО\практики\12 Практика «Генератор отчетов»\Delegates.Reports.csproj\bin\Debug\Delegates.Reports.exe"   ]]></command-line>
  <filter />
  <test-suite type="Assembly" id="1005" name="Delegates.Reports.exe" fullname="D:/1Рабочий стол/что-то/документы/Институт/3курс/РТиППО/практики/12 Практика «Генератор отчетов»/Delegates.Reports.csproj/bin/Debug/Delegates.Reports.exe" runstate="Runnable" testcasecount="4" result="Passed" start-time="2021-11-04 11:36:16Z" end-time="2021-11-04 11:36:16Z" duration="0.234941" total="4" passed="4" failed="0" warnings="0" inconclusive="0" skipped="0" asserts="4">
    <environment framework-version="3.6.0.0" clr-version="4.0.30319.42000" os-version="Microsoft Windows NT 6.2.9200.0" platform="Win32NT" cwd="D:\1Рабочий стол\что-то\документы\Институт\3курс\РТиППО\практики\12 Практика «Генератор отчетов»\Delegates.Reports.csproj\bin\Debug" machine-name="DESKTOP-9ANHSO3" user="89123" user-domain="DESKTOP-9ANHSO3" culture="ru-RU" uiculture="ru-RU" os-architecture="x86" />
    <settings>
      <setting name="WorkDirectory" value="D:\1Рабочий стол\что-то\документы\Институт\3курс\РТиППО\практики\12 Практика «Генератор отчетов»\Delegates.Reports.csproj\bin\Debug" />
      <setting name="NumberOfTestWorkers" value="4" />
    </settings>
    <properties>
      <property name="_PID" value="15468" />
      <property name="_APPDOMAIN" value="Delegates.Reports.exe" />
    </properties>
    <test-suite type="TestSuite" id="1006" name="Delegates" fullname="Delegates" runstate="Runnable" testcasecount="4" result="Passed" start-time="2021-11-04 11:36:16Z" end-time="2021-11-04 11:36:16Z" duration="0.203222" total="4" passed="4" failed="0" warnings="0" inconclusive="0" skipped="0" asserts="4">
      <test-suite type="TestSuite" id="1007" name="Reports" fullname="Delegates.Reports" runstate="Runnable" testcasecount="4" result="Passed" start-time="2021-11-04 11:36:16Z" end-time="2021-11-04 11:36:16Z" duration="0.172104" total="4" passed="4" failed="0" warnings="0" inconclusive="0" skipped="0" asserts="4">
        <test-suite type="TestFixture" id="1000" name="ReportMaker_should" fullname="Delegates.Reports.ReportMaker_should" classname="Delegates.Reports.ReportMaker_should" runstate="Runnable" testcasecount="4" result="Passed" start-time="2021-11-04 11:36:16Z" end-time="2021-11-04 11:36:16Z" duration="0.140043" total="4" passed="4" failed="0" warnings="0" inconclusive="0" skipped="0" asserts="4">
          <test-case id="1001" name="MeanAndStdHtml" fullname="Delegates.Reports.ReportMaker_should.MeanAndStdHtml" methodname="MeanAndStdHtml" classname="Delegates.Reports.ReportMaker_should" runstate="Runnable" seed="394746863" result="Passed" start-time="2021-11-04 11:36:16Z" end-time="2021-11-04 11:36:16Z" duration="0.017613" asserts="1" />
          <test-case id="1003" name="MeanAndStdMarkdown" fullname="Delegates.Reports.ReportMaker_should.MeanAndStdMarkdown" methodname="MeanAndStdMarkdown" classname="Delegates.Reports.ReportMaker_should" runstate="Runnable" seed="1710467743" result="Passed" start-time="2021-11-04 11:36:16Z" end-time="2021-11-04 11:36:16Z" duration="0.001210" asserts="1">
            <properties>
              <property name="Description" value="Новый тест, который нужно сделать рабочим после рефакторинга" />
            </properties>
          </test-case>
          <test-case id="1004" name="MedianHtml" fullname="Delegates.Reports.ReportMaker_should.MedianHtml" methodname="MedianHtml" classname="Delegates.Reports.ReportMaker_should" runstate="Runnable" seed="1811541998" result="Passed" start-time="2021-11-04 11:36:16Z" end-time="2021-11-04 11:36:16Z" duration="0.007297" asserts="1">
            <properties>
              <property name="Description" value="Новый тест, который нужно сделать рабочим после рефакторинга" />
            </properties>
          </test-case>
          <test-case id="1002" name="MedianMarkdown" fullname="Delegates.Reports.ReportMaker_should.MedianMarkdown" methodname="MedianMarkdown" classname="Delegates.Reports.ReportMaker_should" runstate="Runnable" seed="1220045380" result="Passed" start-time="2021-11-04 11:36:16Z" end-time="2021-11-04 11:36:16Z" duration="0.000733" asserts="1" />
        </test-suite>
      </test-suite>
    </test-suite>
  </test-suite>
</test-run>