<?xml version="1.0" encoding="utf-8"?>
<test-run id="2" name="Inheritance.Geometry.exe" fullname="D:/1Рабочий стол/что-то/документы/Институт/3курс/РТиППО/практики/8 Практика «Геометрия-2»/Inheritance.Geometry.csproj/bin/Debug/Inheritance.Geometry.exe" testcasecount="155" result="Passed" start-time="2021-10-08 08:36:24Z" end-time="2021-10-08 08:36:30Z" duration="5.737798" total="155" passed="155" failed="0" inconclusive="0" skipped="0" asserts="9564" random-seed="860412024">
  <command-line><![CDATA["D:\1Рабочий стол\что-то\документы\Институт\3курс\РТиППО\практики\8 Практика «Геометрия-2»\Inheritance.Geometry.csproj\bin\Debug\Inheritance.Geometry.exe" ]]></command-line>
  <filter />
  <test-suite type="Assembly" id="1172" name="Inheritance.Geometry.exe" fullname="D:/1Рабочий стол/что-то/документы/Институт/3курс/РТиППО/практики/8 Практика «Геометрия-2»/Inheritance.Geometry.csproj/bin/Debug/Inheritance.Geometry.exe" runstate="Runnable" testcasecount="155" result="Passed" start-time="2021-10-08 08:36:24Z" end-time="2021-10-08 08:36:30Z" duration="5.737798" total="155" passed="155" failed="0" warnings="0" inconclusive="0" skipped="0" asserts="9564">
    <environment framework-version="3.6.0.0" clr-version="4.0.30319.42000" os-version="Microsoft Windows NT 6.2.9200.0" platform="Win32NT" cwd="D:\1Рабочий стол\что-то\документы\Институт\3курс\РТиППО\практики\8 Практика «Геометрия-2»\Inheritance.Geometry.csproj\bin\Debug" machine-name="DESKTOP-9ANHSO3" user="89123" user-domain="DESKTOP-9ANHSO3" culture="ru-RU" uiculture="ru-RU" os-architecture="x86" />
    <settings>
      <setting name="WorkDirectory" value="D:\1Рабочий стол\что-то\документы\Институт\3курс\РТиППО\практики\8 Практика «Геометрия-2»\Inheritance.Geometry.csproj\bin\Debug" />
      <setting name="NumberOfTestWorkers" value="4" />
    </settings>
    <properties>
      <property name="_PID" value="12232" />
      <property name="_APPDOMAIN" value="Inheritance.Geometry.exe" />
    </properties>
    <test-suite type="TestSuite" id="1173" name="Inheritance" fullname="Inheritance" runstate="Runnable" testcasecount="155" result="Passed" start-time="2021-10-08 08:36:24Z" end-time="2021-10-08 08:36:30Z" duration="5.705767" total="155" passed="155" failed="0" warnings="0" inconclusive="0" skipped="0" asserts="9564">
      <test-suite type="TestSuite" id="1174" name="Geometry" fullname="Inheritance.Geometry" runstate="Runnable" testcasecount="155" result="Passed" start-time="2021-10-08 08:36:24Z" end-time="2021-10-08 08:36:30Z" duration="5.674696" total="155" passed="155" failed="0" warnings="0" inconclusive="0" skipped="0" asserts="9564">
        <test-suite type="TestSuite" id="1175" name="Virtual" fullname="Inheritance.Geometry.Virtual" runstate="Runnable" testcasecount="100" result="Passed" start-time="2021-10-08 08:36:24Z" end-time="2021-10-08 08:36:28Z" duration="3.643384" total="100" passed="100" failed="0" warnings="0" inconclusive="0" skipped="0" asserts="9264">
          <test-suite type="TestFixture" id="1000" name="VirtualTask_Should" fullname="Inheritance.Geometry.Virtual.VirtualTask_Should" classname="Inheritance.Geometry.Virtual.VirtualTask_Should" runstate="Runnable" testcasecount="100" result="Passed" start-time="2021-10-08 08:36:24Z" end-time="2021-10-08 08:36:28Z" duration="3.596431" total="100" passed="100" failed="0" warnings="0" inconclusive="0" skipped="0" asserts="9264">
            <test-suite type="ParameterizedMethod" id="1028" name="Ball_BoundingBox_IsCorrect" fullname="Inheritance.Geometry.Virtual.VirtualTask_Should.Ball_BoundingBox_IsCorrect" classname="Inheritance.Geometry.Virtual.VirtualTask_Should" runstate="Runnable" testcasecount="13" result="Passed" start-time="2021-10-08 08:36:24Z" end-time="2021-10-08 08:36:25Z" duration="0.483040" total="13" passed="13" failed="0" warnings="0" inconclusive="0" skipped="0" asserts="52">
              <test-case id="1015" name="Ball_BoundingBox_IsCorrect(0,0,0,1)" fullname="Inheritance.Geometry.Virtual.VirtualTask_Should.Ball_BoundingBox_IsCorrect(0,0,0,1)" methodname="Ball_BoundingBox_IsCorrect" classname="Inheritance.Geometry.Virtual.VirtualTask_Should" runstate="Runnable" seed="1146323373" result="Passed" start-time="2021-10-08 08:36:24Z" end-time="2021-10-08 08:36:24Z" duration="0.026526" asserts="4" />
              <test-case id="1016" name="Ball_BoundingBox_IsCorrect(6,2,4,0)" fullname="Inheritance.Geometry.Virtual.VirtualTask_Should.Ball_BoundingBox_IsCorrect(6,2,4,0)" methodname="Ball_BoundingBox_IsCorrect" classname="Inheritance.Geometry.Virtual.VirtualTask_Should" runstate="Runnable" seed="1656857958" result="Passed" start-time="2021-10-08 08:36:24Z" end-time="2021-10-08 08:36:24Z" duration="0.000253" asserts="4" />
              <test-case id="1017" name="Ball_BoundingBox_IsCorrect(-6,2,4,0)" fullname="Inheritance.Geometry.Virtual.VirtualTask_Should.Ball_BoundingBox_IsCorrect(-6,2,4,0)" methodname="Ball_BoundingBox_IsCorrect" classname="Inheritance.Geometry.Virtual.VirtualTask_Should" runstate="Runnable" seed="449730062" result="Passed" start-time="2021-10-08 08:36:24Z" end-time="2021-10-08 08:36:24Z" duration="0.000433" asserts="4" />
              <test-case id="1018" name="Ball_BoundingBox_IsCorrect(-6,-2,4,0)" fullname="Inheritance.Geometry.Virtual.VirtualTask_Should.Ball_BoundingBox_IsCorrect(-6,-2,4,0)" methodname="Ball_BoundingBox_IsCorrect" classname="Inheritance.Geometry.Virtual.VirtualTask_Should" runstate="Runnable" seed="1478864149" result="Passed" start-time="2021-10-08 08:36:24Z" end-time="2021-10-08 08:36:24Z" duration="0.000850" asserts="4" />
              <test-case id="1019" name="Ball_BoundingBox_IsCorrect(-6,-2,-4,0)" fullname="Inheritance.Geometry.Virtual.VirtualTask_Should.Ball_BoundingBox_IsCorrect(-6,-2,-4,0)" methodname="Ball_BoundingBox_IsCorrect" classname="Inheritance.Geometry.Virtual.VirtualTask_Should" runstate="Runnable" seed="63583883" result="Passed" start-time="2021-10-08 08:36:24Z" end-time="2021-10-08 08:36:24Z" duration="0.000370" asserts="4" />
              <test-case id="1020" name="Ball_BoundingBox_IsCorrect(6,2,-4,0)" fullname="Inheritance.Geometry.Virtual.VirtualTask_Should.Ball_BoundingBox_IsCorrect(6,2,-4,0)" methodname="Ball_BoundingBox_IsCorrect" classname="Inheritance.Geometry.Virtual.VirtualTask_Should" runstate="Runnable" seed="1209575948" result="Passed" start-time="2021-10-08 08:36:24Z" end-time="2021-10-08 08:36:24Z" duration="0.000225" asserts="4" />
              <test-case id="1021" name="Ball_BoundingBox_IsCorrect(6,-2,-4,0)" fullname="Inheritance.Geometry.Virtual.VirtualTask_Should.Ball_BoundingBox_IsCorrect(6,-2,-4,0)" methodname="Ball_BoundingBox_IsCorrect" classname="Inheritance.Geometry.Virtual.VirtualTask_Should" runstate="Runnable" seed="1315843994" result="Passed" start-time="2021-10-08 08:36:24Z" end-time="2021-10-08 08:36:24Z" duration="0.000151" asserts="4" />
              <test-case id="1022" name="Ball_BoundingBox_IsCorrect(6,2,4,2)" fullname="Inheritance.Geometry.Virtual.VirtualTask_Should.Ball_BoundingBox_IsCorrect(6,2,4,2)" methodname="Ball_BoundingBox_IsCorrect" classname="Inheritance.Geometry.Virtual.VirtualTask_Should" runstate="Runnable" seed="1450434806" result="Passed" start-time="2021-10-08 08:36:24Z" end-time="2021-10-08 08:36:24Z" duration="0.001177" asserts="4" />
              <test-case id="1023" name="Ball_BoundingBox_IsCorrect(-6,2,4,4)" fullname="Inheritance.Geometry.Virtual.VirtualTask_Should.Ball_BoundingBox_IsCorrect(-6,2,4,4)" methodname="Ball_BoundingBox_IsCorrect" classname="Inheritance.Geometry.Virtual.VirtualTask_Should" runstate="Runnable" seed="93055045" result="Passed" start-time="2021-10-08 08:36:24Z" end-time="2021-10-08 08:36:24Z" duration="0.000153" asserts="4" />
              <test-case id="1024" name="Ball_BoundingBox_IsCorrect(-6,-2,4,9)" fullname="Inheritance.Geometry.Virtual.VirtualTask_Should.Ball_BoundingBox_IsCorrect(-6,-2,4,9)" methodname="Ball_BoundingBox_IsCorrect" classname="Inheritance.Geometry.Virtual.VirtualTask_Should" runstate="Runnable" seed="1361791819" result="Passed" start-time="2021-10-08 08:36:24Z" end-time="2021-10-08 08:36:24Z" duration="0.000198" asserts="4" />
              <test-case id="1025" name="Ball_BoundingBox_IsCorrect(-6,-2,-4,8)" fullname="Inheritance.Geometry.Virtual.VirtualTask_Should.Ball_BoundingBox_IsCorrect(-6,-2,-4,8)" methodname="Ball_BoundingBox_IsCorrect" classname="Inheritance.Geometry.Virtual.VirtualTask_Should" runstate="Runnable" seed="1564907066" result="Passed" start-time="2021-10-08 08:36:24Z" end-time="2021-10-08 08:36:24Z" duration="0.000132" asserts="4" />
              <test-case id="1026" name="Ball_BoundingBox_IsCorrect(6,2,-4,7)" fullname="Inheritance.Geometry.Virtual.VirtualTask_Should.Ball_BoundingBox_IsCorrect(6,2,-4,7)" methodname="Ball_BoundingBox_IsCorrect" classname="Inheritance.Geometry.Virtual.VirtualTask_Should" runstate="Runnable" seed="1145814451" result="Passed" start-time="2021-10-08 08:36:24Z" end-time="2021-10-08 08:36:24Z" duration="0.000370" asserts="4" />
              <test-case id="1027" name="Ball_BoundingBox_IsCorrect(6,-2,-4,1)" fullname="Inheritance.Geometry.Virtual.VirtualTask_Should.Ball_BoundingBox_IsCorrect(6,-2,-4,1)" methodname="Ball_BoundingBox_IsCorrect" classname="Inheritance.Geometry.Virtual.VirtualTask_Should" runstate="Runnable" seed="1702515425" result="Passed" start-time="2021-10-08 08:36:25Z" end-time="2021-10-08 08:36:25Z" duration="0.000237" asserts="4" />
            </test-suite>
            <test-suite type="ParameterizedMethod" id="1014" name="Ball_ContainsPoint_IsCorrect" fullname="Inheritance.Geometry.Virtual.VirtualTask_Should.Ball_ContainsPoint_IsCorrect" classname="Inheritance.Geometry.Virtual.VirtualTask_Should" runstate="Runnable" testcasecount="13" result="Passed" start-time="2021-10-08 08:36:25Z" end-time="2021-10-08 08:36:25Z" duration="0.407631" total="13" passed="13" failed="0" warnings="0" inconclusive="0" skipped="0" asserts="195">
              <test-case id="1001" name="Ball_ContainsPoint_IsCorrect(0,0,0,1)" fullname="Inheritance.Geometry.Virtual.VirtualTask_Should.Ball_ContainsPoint_IsCorrect(0,0,0,1)" methodname="Ball_ContainsPoint_IsCorrect" classname="Inheritance.Geometry.Virtual.VirtualTask_Should" runstate="Runnable" seed="899334016" result="Passed" start-time="2021-10-08 08:36:25Z" end-time="2021-10-08 08:36:25Z" duration="0.010638" asserts="15" />
              <test-case id="1002" name="Ball_ContainsPoint_IsCorrect(6,2,4,0)" fullname="Inheritance.Geometry.Virtual.VirtualTask_Should.Ball_ContainsPoint_IsCorrect(6,2,4,0)" methodname="Ball_ContainsPoint_IsCorrect" classname="Inheritance.Geometry.Virtual.VirtualTask_Should" runstate="Runnable" seed="1604206879" result="Passed" start-time="2021-10-08 08:36:25Z" end-time="2021-10-08 08:36:25Z" duration="0.000215" asserts="15" />
              <test-case id="1003" name="Ball_ContainsPoint_IsCorrect(-6,2,4,0)" fullname="Inheritance.Geometry.Virtual.VirtualTask_Should.Ball_ContainsPoint_IsCorrect(-6,2,4,0)" methodname="Ball_ContainsPoint_IsCorrect" classname="Inheritance.Geometry.Virtual.VirtualTask_Should" runstate="Runnable" seed="1385580763" result="Passed" start-time="2021-10-08 08:36:25Z" end-time="2021-10-08 08:36:25Z" duration="0.000245" asserts="15" />
              <test-case id="1004" name="Ball_ContainsPoint_IsCorrect(-6,-2,4,0)" fullname="Inheritance.Geometry.Virtual.VirtualTask_Should.Ball_ContainsPoint_IsCorrect(-6,-2,4,0)" methodname="Ball_ContainsPoint_IsCorrect" classname="Inheritance.Geometry.Virtual.VirtualTask_Should" runstate="Runnable" seed="1952107439" result="Passed" start-time="2021-10-08 08:36:25Z" end-time="2021-10-08 08:36:25Z" duration="0.000255" asserts="15" />
              <test-case id="1005" name="Ball_ContainsPoint_IsCorrect(-6,-2,-4,0)" fullname="Inheritance.Geometry.Virtual.VirtualTask_Should.Ball_ContainsPoint_IsCorrect(-6,-2,-4,0)" methodname="Ball_ContainsPoint_IsCorrect" classname="Inheritance.Geometry.Virtual.VirtualTask_Should" runstate="Runnable" seed="448969608" result="Passed" start-time="2021-10-08 08:36:25Z" end-time="2021-10-08 08:36:25Z" duration="0.000307" asserts="15" />
              <test-case id="1006" name="Ball_ContainsPoint_IsCorrect(6,2,-4,0)" fullname="Inheritance.Geometry.Virtual.VirtualTask_Should.Ball_ContainsPoint_IsCorrect(6,2,-4,0)" methodname="Ball_ContainsPoint_IsCorrect" classname="Inheritance.Geometry.Virtual.VirtualTask_Should" runstate="Runnable" seed="778027235" result="Passed" start-time="2021-10-08 08:36:25Z" end-time="2021-10-08 08:36:25Z" duration="0.002705" asserts="15" />
              <test-case id="1007" name="Ball_ContainsPoint_IsCorrect(6,-2,-4,0)" fullname="Inheritance.Geometry.Virtual.VirtualTask_Should.Ball_ContainsPoint_IsCorrect(6,-2,-4,0)" methodname="Ball_ContainsPoint_IsCorrect" classname="Inheritance.Geometry.Virtual.VirtualTask_Should" runstate="Runnable" seed="1431625504" result="Passed" start-time="2021-10-08 08:36:25Z" end-time="2021-10-08 08:36:25Z" duration="0.000220" asserts="15" />
              <test-case id="1008" name="Ball_ContainsPoint_IsCorrect(6,2,4,2)" fullname="Inheritance.Geometry.Virtual.VirtualTask_Should.Ball_ContainsPoint_IsCorrect(6,2,4,2)" methodname="Ball_ContainsPoint_IsCorrect" classname="Inheritance.Geometry.Virtual.VirtualTask_Should" runstate="Runnable" seed="625430577" result="Passed" start-time="2021-10-08 08:36:25Z" end-time="2021-10-08 08:36:25Z" duration="0.000229" asserts="15" />
              <test-case id="1009" name="Ball_ContainsPoint_IsCorrect(-6,2,4,4)" fullname="Inheritance.Geometry.Virtual.VirtualTask_Should.Ball_ContainsPoint_IsCorrect(-6,2,4,4)" methodname="Ball_ContainsPoint_IsCorrect" classname="Inheritance.Geometry.Virtual.VirtualTask_Should" runstate="Runnable" seed="89647293" result="Passed" start-time="2021-10-08 08:36:25Z" end-time="2021-10-08 08:36:25Z" duration="0.000237" asserts="15" />
              <test-case id="1010" name="Ball_ContainsPoint_IsCorrect(-6,-2,4,9)" fullname="Inheritance.Geometry.Virtual.VirtualTask_Should.Ball_ContainsPoint_IsCorrect(-6,-2,4,9)" methodname="Ball_ContainsPoint_IsCorrect" classname="Inheritance.Geometry.Virtual.VirtualTask_Should" runstate="Runnable" seed="1130678281" result="Passed" start-time="2021-10-08 08:36:25Z" end-time="2021-10-08 08:36:25Z" duration="0.000390" asserts="15" />
              <test-case id="1011" name="Ball_ContainsPoint_IsCorrect(-6,-2,-4,8)" fullname="Inheritance.Geometry.Virtual.VirtualTask_Should.Ball_ContainsPoint_IsCorrect(-6,-2,-4,8)" methodname="Ball_ContainsPoint_IsCorrect" classname="Inheritance.Geometry.Virtual.VirtualTask_Should" runstate="Runnable" seed="1532289873" result="Passed" start-time="2021-10-08 08:36:25Z" end-time="2021-10-08 08:36:25Z" duration="0.000268" asserts="15" />
              <test-case id="1012" name="Ball_ContainsPoint_IsCorrect(6,2,-4,7)" fullname="Inheritance.Geometry.Virtual.VirtualTask_Should.Ball_ContainsPoint_IsCorrect(6,2,-4,7)" methodname="Ball_ContainsPoint_IsCorrect" classname="Inheritance.Geometry.Virtual.VirtualTask_Should" runstate="Runnable" seed="424085720" result="Passed" start-time="2021-10-08 08:36:25Z" end-time="2021-10-08 08:36:25Z" duration="0.000238" asserts="15" />
              <test-case id="1013" name="Ball_ContainsPoint_IsCorrect(6,-2,-4,1)" fullname="Inheritance.Geometry.Virtual.VirtualTask_Should.Ball_ContainsPoint_IsCorrect(6,-2,-4,1)" methodname="Ball_ContainsPoint_IsCorrect" classname="Inheritance.Geometry.Virtual.VirtualTask_Should" runstate="Runnable" seed="527637269" result="Passed" start-time="2021-10-08 08:36:25Z" end-time="2021-10-08 08:36:25Z" duration="0.000151" asserts="15" />
            </test-suite>
            <test-suite type="ParameterizedMethod" id="1109" name="CompoundBody_BoundingBox_IsCorrect" fullname="Inheritance.Geometry.Virtual.VirtualTask_Should.CompoundBody_BoundingBox_IsCorrect" classname="Inheritance.Geometry.Virtual.VirtualTask_Should" runstate="Runnable" testcasecount="9" result="Passed" start-time="2021-10-08 08:36:25Z" end-time="2021-10-08 08:36:25Z" duration="0.318172" total="9" passed="9" failed="0" warnings="0" inconclusive="0" skipped="0" asserts="108">
              <test-case id="1100" name="CompoundBody_BoundingBox_IsCorrect(0,0,0,1)" fullname="Inheritance.Geometry.Virtual.VirtualTask_Should.CompoundBody_BoundingBox_IsCorrect(0,0,0,1)" methodname="CompoundBody_BoundingBox_IsCorrect" classname="Inheritance.Geometry.Virtual.VirtualTask_Should" runstate="Runnable" seed="920865566" result="Passed" start-time="2021-10-08 08:36:25Z" end-time="2021-10-08 08:36:25Z" duration="0.006340" asserts="12" />
              <test-case id="1101" name="CompoundBody_BoundingBox_IsCorrect(0,0,0,6)" fullname="Inheritance.Geometry.Virtual.VirtualTask_Should.CompoundBody_BoundingBox_IsCorrect(0,0,0,6)" methodname="CompoundBody_BoundingBox_IsCorrect" classname="Inheritance.Geometry.Virtual.VirtualTask_Should" runstate="Runnable" seed="1909771994" result="Passed" start-time="2021-10-08 08:36:25Z" end-time="2021-10-08 08:36:25Z" duration="0.000210" asserts="12" />
              <test-case id="1102" name="CompoundBody_BoundingBox_IsCorrect(0,0,0,7)" fullname="Inheritance.Geometry.Virtual.VirtualTask_Should.CompoundBody_BoundingBox_IsCorrect(0,0,0,7)" methodname="CompoundBody_BoundingBox_IsCorrect" classname="Inheritance.Geometry.Virtual.VirtualTask_Should" runstate="Runnable" seed="1164665276" result="Passed" start-time="2021-10-08 08:36:25Z" end-time="2021-10-08 08:36:25Z" duration="0.000145" asserts="12" />
              <test-case id="1103" name="CompoundBody_BoundingBox_IsCorrect(1,1,1,7)" fullname="Inheritance.Geometry.Virtual.VirtualTask_Should.CompoundBody_BoundingBox_IsCorrect(1,1,1,7)" methodname="CompoundBody_BoundingBox_IsCorrect" classname="Inheritance.Geometry.Virtual.VirtualTask_Should" runstate="Runnable" seed="257517066" result="Passed" start-time="2021-10-08 08:36:25Z" end-time="2021-10-08 08:36:25Z" duration="0.000157" asserts="12" />
              <test-case id="1104" name="CompoundBody_BoundingBox_IsCorrect(2,3,6,5)" fullname="Inheritance.Geometry.Virtual.VirtualTask_Should.CompoundBody_BoundingBox_IsCorrect(2,3,6,5)" methodname="CompoundBody_BoundingBox_IsCorrect" classname="Inheritance.Geometry.Virtual.VirtualTask_Should" runstate="Runnable" seed="1130461653" result="Passed" start-time="2021-10-08 08:36:25Z" end-time="2021-10-08 08:36:25Z" duration="0.000161" asserts="12" />
              <test-case id="1105" name="CompoundBody_BoundingBox_IsCorrect(-2,-3,6,3)" fullname="Inheritance.Geometry.Virtual.VirtualTask_Should.CompoundBody_BoundingBox_IsCorrect(-2,-3,6,3)" methodname="CompoundBody_BoundingBox_IsCorrect" classname="Inheritance.Geometry.Virtual.VirtualTask_Should" runstate="Runnable" seed="246214150" result="Passed" start-time="2021-10-08 08:36:25Z" end-time="2021-10-08 08:36:25Z" duration="0.000211" asserts="12" />
              <test-case id="1106" name="CompoundBody_BoundingBox_IsCorrect(-12,-23,-46,13)" fullname="Inheritance.Geometry.Virtual.VirtualTask_Should.CompoundBody_BoundingBox_IsCorrect(-12,-23,-46,13)" methodname="CompoundBody_BoundingBox_IsCorrect" classname="Inheritance.Geometry.Virtual.VirtualTask_Should" runstate="Runnable" seed="1244095345" result="Passed" start-time="2021-10-08 08:36:25Z" end-time="2021-10-08 08:36:25Z" duration="0.000193" asserts="12" />
              <test-case id="1107" name="CompoundBody_BoundingBox_IsCorrect(12,-23,6,14)" fullname="Inheritance.Geometry.Virtual.VirtualTask_Should.CompoundBody_BoundingBox_IsCorrect(12,-23,6,14)" methodname="CompoundBody_BoundingBox_IsCorrect" classname="Inheritance.Geometry.Virtual.VirtualTask_Should" runstate="Runnable" seed="1152531483" result="Passed" start-time="2021-10-08 08:36:25Z" end-time="2021-10-08 08:36:25Z" duration="0.000188" asserts="12" />
              <test-case id="1108" name="CompoundBody_BoundingBox_IsCorrect(8,5,-16,12)" fullname="Inheritance.Geometry.Virtual.VirtualTask_Should.CompoundBody_BoundingBox_IsCorrect(8,5,-16,12)" methodname="CompoundBody_BoundingBox_IsCorrect" classname="Inheritance.Geometry.Virtual.VirtualTask_Should" runstate="Runnable" seed="316972183" result="Passed" start-time="2021-10-08 08:36:25Z" end-time="2021-10-08 08:36:25Z" duration="0.000221" asserts="12" />
            </test-suite>
            <test-suite type="ParameterizedMethod" id="1094" name="CompoundBody_ContainsPoint_IsCorrect" fullname="Inheritance.Geometry.Virtual.VirtualTask_Should.CompoundBody_ContainsPoint_IsCorrect" classname="Inheritance.Geometry.Virtual.VirtualTask_Should" runstate="Runnable" testcasecount="9" result="Passed" start-time="2021-10-08 08:36:25Z" end-time="2021-10-08 08:36:26Z" duration="0.284865" total="9" passed="9" failed="0" warnings="0" inconclusive="0" skipped="0" asserts="432">
              <test-case id="1085" name="CompoundBody_ContainsPoint_IsCorrect(0,0,0,1)" fullname="Inheritance.Geometry.Virtual.VirtualTask_Should.CompoundBody_ContainsPoint_IsCorrect(0,0,0,1)" methodname="CompoundBody_ContainsPoint_IsCorrect" classname="Inheritance.Geometry.Virtual.VirtualTask_Should" runstate="Runnable" seed="1758233125" result="Passed" start-time="2021-10-08 08:36:25Z" end-time="2021-10-08 08:36:25Z" duration="0.003490" asserts="48" />
              <test-case id="1086" name="CompoundBody_ContainsPoint_IsCorrect(0,0,0,6)" fullname="Inheritance.Geometry.Virtual.VirtualTask_Should.CompoundBody_ContainsPoint_IsCorrect(0,0,0,6)" methodname="CompoundBody_ContainsPoint_IsCorrect" classname="Inheritance.Geometry.Virtual.VirtualTask_Should" runstate="Runnable" seed="1139971809" result="Passed" start-time="2021-10-08 08:36:25Z" end-time="2021-10-08 08:36:25Z" duration="0.000910" asserts="48" />
              <test-case id="1087" name="CompoundBody_ContainsPoint_IsCorrect(0,0,0,7)" fullname="Inheritance.Geometry.Virtual.VirtualTask_Should.CompoundBody_ContainsPoint_IsCorrect(0,0,0,7)" methodname="CompoundBody_ContainsPoint_IsCorrect" classname="Inheritance.Geometry.Virtual.VirtualTask_Should" runstate="Runnable" seed="602126828" result="Passed" start-time="2021-10-08 08:36:25Z" end-time="2021-10-08 08:36:25Z" duration="0.000417" asserts="48" />
              <test-case id="1088" name="CompoundBody_ContainsPoint_IsCorrect(1,1,1,7)" fullname="Inheritance.Geometry.Virtual.VirtualTask_Should.CompoundBody_ContainsPoint_IsCorrect(1,1,1,7)" methodname="CompoundBody_ContainsPoint_IsCorrect" classname="Inheritance.Geometry.Virtual.VirtualTask_Should" runstate="Runnable" seed="62086510" result="Passed" start-time="2021-10-08 08:36:25Z" end-time="2021-10-08 08:36:25Z" duration="0.000201" asserts="48" />
              <test-case id="1089" name="CompoundBody_ContainsPoint_IsCorrect(2,3,6,5)" fullname="Inheritance.Geometry.Virtual.VirtualTask_Should.CompoundBody_ContainsPoint_IsCorrect(2,3,6,5)" methodname="CompoundBody_ContainsPoint_IsCorrect" classname="Inheritance.Geometry.Virtual.VirtualTask_Should" runstate="Runnable" seed="1656229288" result="Passed" start-time="2021-10-08 08:36:26Z" end-time="2021-10-08 08:36:26Z" duration="0.000471" asserts="48" />
              <test-case id="1090" name="CompoundBody_ContainsPoint_IsCorrect(-2,-3,6,3)" fullname="Inheritance.Geometry.Virtual.VirtualTask_Should.CompoundBody_ContainsPoint_IsCorrect(-2,-3,6,3)" methodname="CompoundBody_ContainsPoint_IsCorrect" classname="Inheritance.Geometry.Virtual.VirtualTask_Should" runstate="Runnable" seed="593302027" result="Passed" start-time="2021-10-08 08:36:26Z" end-time="2021-10-08 08:36:26Z" duration="0.000201" asserts="48" />
              <test-case id="1091" name="CompoundBody_ContainsPoint_IsCorrect(-12,-23,-46,13)" fullname="Inheritance.Geometry.Virtual.VirtualTask_Should.CompoundBody_ContainsPoint_IsCorrect(-12,-23,-46,13)" methodname="CompoundBody_ContainsPoint_IsCorrect" classname="Inheritance.Geometry.Virtual.VirtualTask_Should" runstate="Runnable" seed="2102410354" result="Passed" start-time="2021-10-08 08:36:26Z" end-time="2021-10-08 08:36:26Z" duration="0.000211" asserts="48" />
              <test-case id="1092" name="CompoundBody_ContainsPoint_IsCorrect(12,-23,6,14)" fullname="Inheritance.Geometry.Virtual.VirtualTask_Should.CompoundBody_ContainsPoint_IsCorrect(12,-23,6,14)" methodname="CompoundBody_ContainsPoint_IsCorrect" classname="Inheritance.Geometry.Virtual.VirtualTask_Should" runstate="Runnable" seed="1994740087" result="Passed" start-time="2021-10-08 08:36:26Z" end-time="2021-10-08 08:36:26Z" duration="0.000312" asserts="48" />
              <test-case id="1093" name="CompoundBody_ContainsPoint_IsCorrect(8,5,-16,12)" fullname="Inheritance.Geometry.Virtual.VirtualTask_Should.CompoundBody_ContainsPoint_IsCorrect(8,5,-16,12)" methodname="CompoundBody_ContainsPoint_IsCorrect" classname="Inheritance.Geometry.Virtual.VirtualTask_Should" runstate="Runnable" seed="91660946" result="Passed" start-time="2021-10-08 08:36:26Z" end-time="2021-10-08 08:36:26Z" duration="0.000226" asserts="48" />
            </test-suite>
            <test-suite type="ParameterizedMethod" id="1099" name="CompoundBody_Of_TwoCuboids_BoundingBox_Correct" fullname="Inheritance.Geometry.Virtual.VirtualTask_Should.CompoundBody_Of_TwoCuboids_BoundingBox_Correct" classname="Inheritance.Geometry.Virtual.VirtualTask_Should" runstate="Runnable" testcasecount="3" result="Passed" start-time="2021-10-08 08:36:26Z" end-time="2021-10-08 08:36:26Z" duration="0.094722" total="3" passed="3" failed="0" warnings="0" inconclusive="0" skipped="0" asserts="9">
              <test-case id="1096" name="CompoundBody_Of_TwoCuboids_BoundingBox_Correct(1,2,3,2,1,3,5,5,4)" fullname="Inheritance.Geometry.Virtual.VirtualTask_Should.CompoundBody_Of_TwoCuboids_BoundingBox_Correct(1,2,3,2,1,3,5,5,4)" methodname="CompoundBody_Of_TwoCuboids_BoundingBox_Correct" classname="Inheritance.Geometry.Virtual.VirtualTask_Should" runstate="Runnable" seed="1461737437" result="Passed" start-time="2021-10-08 08:36:26Z" end-time="2021-10-08 08:36:26Z" duration="0.000686" asserts="3" />
              <test-case id="1097" name="CompoundBody_Of_TwoCuboids_BoundingBox_Correct(1,1,1,2,2,2,5,5,5)" fullname="Inheritance.Geometry.Virtual.VirtualTask_Should.CompoundBody_Of_TwoCuboids_BoundingBox_Correct(1,1,1,2,2,2,5,5,5)" methodname="CompoundBody_Of_TwoCuboids_BoundingBox_Correct" classname="Inheritance.Geometry.Virtual.VirtualTask_Should" runstate="Runnable" seed="1635587428" result="Passed" start-time="2021-10-08 08:36:26Z" end-time="2021-10-08 08:36:26Z" duration="0.000419" asserts="3" />
              <test-case id="1098" name="CompoundBody_Of_TwoCuboids_BoundingBox_Correct(2,1,1,1,2,2,5,5,5)" fullname="Inheritance.Geometry.Virtual.VirtualTask_Should.CompoundBody_Of_TwoCuboids_BoundingBox_Correct(2,1,1,1,2,2,5,5,5)" methodname="CompoundBody_Of_TwoCuboids_BoundingBox_Correct" classname="Inheritance.Geometry.Virtual.VirtualTask_Should" runstate="Runnable" seed="1033482843" result="Passed" start-time="2021-10-08 08:36:26Z" end-time="2021-10-08 08:36:26Z" duration="0.000136" asserts="3" />
            </test-suite>
            <test-case id="1095" name="CompoundBody_WithBall_ContainsPoint_IsCorrect" fullname="Inheritance.Geometry.Virtual.VirtualTask_Should.CompoundBody_WithBall_ContainsPoint_IsCorrect" methodname="CompoundBody_WithBall_ContainsPoint_IsCorrect" classname="Inheritance.Geometry.Virtual.VirtualTask_Should" runstate="Runnable" seed="634221311" result="Passed" start-time="2021-10-08 08:36:26Z" end-time="2021-10-08 08:36:26Z" duration="0.046852" asserts="8000" />
            <test-suite type="ParameterizedMethod" id="1084" name="Cylinder_BoundingBox_IsCorrect" fullname="Inheritance.Geometry.Virtual.VirtualTask_Should.Cylinder_BoundingBox_IsCorrect" classname="Inheritance.Geometry.Virtual.VirtualTask_Should" runstate="Runnable" testcasecount="13" result="Passed" start-time="2021-10-08 08:36:26Z" end-time="2021-10-08 08:36:26Z" duration="0.423597" total="13" passed="13" failed="0" warnings="0" inconclusive="0" skipped="0" asserts="52">
              <test-case id="1071" name="Cylinder_BoundingBox_IsCorrect(0,0,0,1,2)" fullname="Inheritance.Geometry.Virtual.VirtualTask_Should.Cylinder_BoundingBox_IsCorrect(0,0,0,1,2)" methodname="Cylinder_BoundingBox_IsCorrect" classname="Inheritance.Geometry.Virtual.VirtualTask_Should" runstate="Runnable" seed="1197924473" result="Passed" start-time="2021-10-08 08:36:26Z" end-time="2021-10-08 08:36:26Z" duration="0.000386" asserts="4" />
              <test-case id="1072" name="Cylinder_BoundingBox_IsCorrect(6,2,4,5,4)" fullname="Inheritance.Geometry.Virtual.VirtualTask_Should.Cylinder_BoundingBox_IsCorrect(6,2,4,5,4)" methodname="Cylinder_BoundingBox_IsCorrect" classname="Inheritance.Geometry.Virtual.VirtualTask_Should" runstate="Runnable" seed="1530464289" result="Passed" start-time="2021-10-08 08:36:26Z" end-time="2021-10-08 08:36:26Z" duration="0.000120" asserts="4" />
              <test-case id="1073" name="Cylinder_BoundingBox_IsCorrect(-6,2,4,5,5)" fullname="Inheritance.Geometry.Virtual.VirtualTask_Should.Cylinder_BoundingBox_IsCorrect(-6,2,4,5,5)" methodname="Cylinder_BoundingBox_IsCorrect" classname="Inheritance.Geometry.Virtual.VirtualTask_Should" runstate="Runnable" seed="1287316445" result="Passed" start-time="2021-10-08 08:36:26Z" end-time="2021-10-08 08:36:26Z" duration="0.000522" asserts="4" />
              <test-case id="1074" name="Cylinder_BoundingBox_IsCorrect(-6,-2,4)" fullname="Inheritance.Geometry.Virtual.VirtualTask_Should.Cylinder_BoundingBox_IsCorrect(-6,-2,4)" methodname="Cylinder_BoundingBox_IsCorrect" classname="Inheritance.Geometry.Virtual.VirtualTask_Should" runstate="Runnable" seed="1913446308" result="Passed" start-time="2021-10-08 08:36:26Z" end-time="2021-10-08 08:36:26Z" duration="0.000148" asserts="4" />
              <test-case id="1075" name="Cylinder_BoundingBox_IsCorrect(-6,-2,-4)" fullname="Inheritance.Geometry.Virtual.VirtualTask_Should.Cylinder_BoundingBox_IsCorrect(-6,-2,-4)" methodname="Cylinder_BoundingBox_IsCorrect" classname="Inheritance.Geometry.Virtual.VirtualTask_Should" runstate="Runnable" seed="249133616" result="Passed" start-time="2021-10-08 08:36:26Z" end-time="2021-10-08 08:36:26Z" duration="0.000186" asserts="4" />
              <test-case id="1076" name="Cylinder_BoundingBox_IsCorrect(6,2,-4)" fullname="Inheritance.Geometry.Virtual.VirtualTask_Should.Cylinder_BoundingBox_IsCorrect(6,2,-4)" methodname="Cylinder_BoundingBox_IsCorrect" classname="Inheritance.Geometry.Virtual.VirtualTask_Should" runstate="Runnable" seed="2141445826" result="Passed" start-time="2021-10-08 08:36:26Z" end-time="2021-10-08 08:36:26Z" duration="0.000149" asserts="4" />
              <test-case id="1077" name="Cylinder_BoundingBox_IsCorrect(6,-2,-4)" fullname="Inheritance.Geometry.Virtual.VirtualTask_Should.Cylinder_BoundingBox_IsCorrect(6,-2,-4)" methodname="Cylinder_BoundingBox_IsCorrect" classname="Inheritance.Geometry.Virtual.VirtualTask_Should" runstate="Runnable" seed="103634472" result="Passed" start-time="2021-10-08 08:36:26Z" end-time="2021-10-08 08:36:26Z" duration="0.000239" asserts="4" />
              <test-case id="1078" name="Cylinder_BoundingBox_IsCorrect(6,2,4)" fullname="Inheritance.Geometry.Virtual.VirtualTask_Should.Cylinder_BoundingBox_IsCorrect(6,2,4)" methodname="Cylinder_BoundingBox_IsCorrect" classname="Inheritance.Geometry.Virtual.VirtualTask_Should" runstate="Runnable" seed="1646277335" result="Passed" start-time="2021-10-08 08:36:26Z" end-time="2021-10-08 08:36:26Z" duration="0.000262" asserts="4" />
              <test-case id="1079" name="Cylinder_BoundingBox_IsCorrect(-6,2,4)" fullname="Inheritance.Geometry.Virtual.VirtualTask_Should.Cylinder_BoundingBox_IsCorrect(-6,2,4)" methodname="Cylinder_BoundingBox_IsCorrect" classname="Inheritance.Geometry.Virtual.VirtualTask_Should" runstate="Runnable" seed="1543589905" result="Passed" start-time="2021-10-08 08:36:26Z" end-time="2021-10-08 08:36:26Z" duration="0.000190" asserts="4" />
              <test-case id="1080" name="Cylinder_BoundingBox_IsCorrect(-6,-2,4)" fullname="Inheritance.Geometry.Virtual.VirtualTask_Should.Cylinder_BoundingBox_IsCorrect(-6,-2,4)" methodname="Cylinder_BoundingBox_IsCorrect" classname="Inheritance.Geometry.Virtual.VirtualTask_Should" runstate="Runnable" seed="103058428" result="Passed" start-time="2021-10-08 08:36:26Z" end-time="2021-10-08 08:36:26Z" duration="0.000136" asserts="4" />
              <test-case id="1081" name="Cylinder_BoundingBox_IsCorrect(-6,-2,-4)" fullname="Inheritance.Geometry.Virtual.VirtualTask_Should.Cylinder_BoundingBox_IsCorrect(-6,-2,-4)" methodname="Cylinder_BoundingBox_IsCorrect" classname="Inheritance.Geometry.Virtual.VirtualTask_Should" runstate="Runnable" seed="652796747" result="Passed" start-time="2021-10-08 08:36:26Z" end-time="2021-10-08 08:36:26Z" duration="0.000127" asserts="4" />
              <test-case id="1082" name="Cylinder_BoundingBox_IsCorrect(6,2,-4)" fullname="Inheritance.Geometry.Virtual.VirtualTask_Should.Cylinder_BoundingBox_IsCorrect(6,2,-4)" methodname="Cylinder_BoundingBox_IsCorrect" classname="Inheritance.Geometry.Virtual.VirtualTask_Should" runstate="Runnable" seed="1122202434" result="Passed" start-time="2021-10-08 08:36:26Z" end-time="2021-10-08 08:36:26Z" duration="0.000149" asserts="4" />
              <test-case id="1083" name="Cylinder_BoundingBox_IsCorrect(6,-2,-4)" fullname="Inheritance.Geometry.Virtual.VirtualTask_Should.Cylinder_BoundingBox_IsCorrect(6,-2,-4)" methodname="Cylinder_BoundingBox_IsCorrect" classname="Inheritance.Geometry.Virtual.VirtualTask_Should" runstate="Runnable" seed="1908299745" result="Passed" start-time="2021-10-08 08:36:26Z" end-time="2021-10-08 08:36:26Z" duration="0.000320" asserts="4" />
            </test-suite>
            <test-suite type="ParameterizedMethod" id="1070" name="Cylinder_ContainsPoint_IsCorrect" fullname="Inheritance.Geometry.Virtual.VirtualTask_Should.Cylinder_ContainsPoint_IsCorrect" classname="Inheritance.Geometry.Virtual.VirtualTask_Should" runstate="Runnable" testcasecount="13" result="Passed" start-time="2021-10-08 08:36:26Z" end-time="2021-10-08 08:36:27Z" duration="0.404255" total="13" passed="13" failed="0" warnings="0" inconclusive="0" skipped="0" asserts="182">
              <test-case id="1057" name="Cylinder_ContainsPoint_IsCorrect(0,0,0,2,8)" fullname="Inheritance.Geometry.Virtual.VirtualTask_Should.Cylinder_ContainsPoint_IsCorrect(0,0,0,2,8)" methodname="Cylinder_ContainsPoint_IsCorrect" classname="Inheritance.Geometry.Virtual.VirtualTask_Should" runstate="Runnable" seed="923263733" result="Passed" start-time="2021-10-08 08:36:26Z" end-time="2021-10-08 08:36:26Z" duration="0.000730" asserts="14" />
              <test-case id="1058" name="Cylinder_ContainsPoint_IsCorrect(6,2,4,6,4)" fullname="Inheritance.Geometry.Virtual.VirtualTask_Should.Cylinder_ContainsPoint_IsCorrect(6,2,4,6,4)" methodname="Cylinder_ContainsPoint_IsCorrect" classname="Inheritance.Geometry.Virtual.VirtualTask_Should" runstate="Runnable" seed="1583384490" result="Passed" start-time="2021-10-08 08:36:26Z" end-time="2021-10-08 08:36:26Z" duration="0.000361" asserts="14" />
              <test-case id="1059" name="Cylinder_ContainsPoint_IsCorrect(-6,2,4,6,4)" fullname="Inheritance.Geometry.Virtual.VirtualTask_Should.Cylinder_ContainsPoint_IsCorrect(-6,2,4,6,4)" methodname="Cylinder_ContainsPoint_IsCorrect" classname="Inheritance.Geometry.Virtual.VirtualTask_Should" runstate="Runnable" seed="1946795919" result="Passed" start-time="2021-10-08 08:36:26Z" end-time="2021-10-08 08:36:26Z" duration="0.000589" asserts="14" />
              <test-case id="1060" name="Cylinder_ContainsPoint_IsCorrect(-6,-2,4)" fullname="Inheritance.Geometry.Virtual.VirtualTask_Should.Cylinder_ContainsPoint_IsCorrect(-6,-2,4)" methodname="Cylinder_ContainsPoint_IsCorrect" classname="Inheritance.Geometry.Virtual.VirtualTask_Should" runstate="Runnable" seed="862750703" result="Passed" start-time="2021-10-08 08:36:26Z" end-time="2021-10-08 08:36:26Z" duration="0.000267" asserts="14" />
              <test-case id="1061" name="Cylinder_ContainsPoint_IsCorrect(-6,-2,-4)" fullname="Inheritance.Geometry.Virtual.VirtualTask_Should.Cylinder_ContainsPoint_IsCorrect(-6,-2,-4)" methodname="Cylinder_ContainsPoint_IsCorrect" classname="Inheritance.Geometry.Virtual.VirtualTask_Should" runstate="Runnable" seed="635107356" result="Passed" start-time="2021-10-08 08:36:26Z" end-time="2021-10-08 08:36:26Z" duration="0.000396" asserts="14" />
              <test-case id="1062" name="Cylinder_ContainsPoint_IsCorrect(6,2,-4)" fullname="Inheritance.Geometry.Virtual.VirtualTask_Should.Cylinder_ContainsPoint_IsCorrect(6,2,-4)" methodname="Cylinder_ContainsPoint_IsCorrect" classname="Inheritance.Geometry.Virtual.VirtualTask_Should" runstate="Runnable" seed="1052500025" result="Passed" start-time="2021-10-08 08:36:27Z" end-time="2021-10-08 08:36:27Z" duration="0.000474" asserts="14" />
              <test-case id="1063" name="Cylinder_ContainsPoint_IsCorrect(6,-2,-4)" fullname="Inheritance.Geometry.Virtual.VirtualTask_Should.Cylinder_ContainsPoint_IsCorrect(6,-2,-4)" methodname="Cylinder_ContainsPoint_IsCorrect" classname="Inheritance.Geometry.Virtual.VirtualTask_Should" runstate="Runnable" seed="1488320730" result="Passed" start-time="2021-10-08 08:36:27Z" end-time="2021-10-08 08:36:27Z" duration="0.000528" asserts="14" />
              <test-case id="1064" name="Cylinder_ContainsPoint_IsCorrect(6,2,4)" fullname="Inheritance.Geometry.Virtual.VirtualTask_Should.Cylinder_ContainsPoint_IsCorrect(6,2,4)" methodname="Cylinder_ContainsPoint_IsCorrect" classname="Inheritance.Geometry.Virtual.VirtualTask_Should" runstate="Runnable" seed="1222219451" result="Passed" start-time="2021-10-08 08:36:27Z" end-time="2021-10-08 08:36:27Z" duration="0.000302" asserts="14" />
              <test-case id="1065" name="Cylinder_ContainsPoint_IsCorrect(-6,2,4)" fullname="Inheritance.Geometry.Virtual.VirtualTask_Should.Cylinder_ContainsPoint_IsCorrect(-6,2,4)" methodname="Cylinder_ContainsPoint_IsCorrect" classname="Inheritance.Geometry.Virtual.VirtualTask_Should" runstate="Runnable" seed="104231365" result="Passed" start-time="2021-10-08 08:36:27Z" end-time="2021-10-08 08:36:27Z" duration="0.000206" asserts="14" />
              <test-case id="1066" name="Cylinder_ContainsPoint_IsCorrect(-6,-2,4)" fullname="Inheritance.Geometry.Virtual.VirtualTask_Should.Cylinder_ContainsPoint_IsCorrect(-6,-2,4)" methodname="Cylinder_ContainsPoint_IsCorrect" classname="Inheritance.Geometry.Virtual.VirtualTask_Should" runstate="Runnable" seed="1301805578" result="Passed" start-time="2021-10-08 08:36:27Z" end-time="2021-10-08 08:36:27Z" duration="0.000372" asserts="14" />
              <test-case id="1067" name="Cylinder_ContainsPoint_IsCorrect(-6,-2,-4)" fullname="Inheritance.Geometry.Virtual.VirtualTask_Should.Cylinder_ContainsPoint_IsCorrect(-6,-2,-4)" methodname="Cylinder_ContainsPoint_IsCorrect" classname="Inheritance.Geometry.Virtual.VirtualTask_Should" runstate="Runnable" seed="1400073240" result="Passed" start-time="2021-10-08 08:36:27Z" end-time="2021-10-08 08:36:27Z" duration="0.000239" asserts="14" />
              <test-case id="1068" name="Cylinder_ContainsPoint_IsCorrect(6,2,-4)" fullname="Inheritance.Geometry.Virtual.VirtualTask_Should.Cylinder_ContainsPoint_IsCorrect(6,2,-4)" methodname="Cylinder_ContainsPoint_IsCorrect" classname="Inheritance.Geometry.Virtual.VirtualTask_Should" runstate="Runnable" seed="256217310" result="Passed" start-time="2021-10-08 08:36:27Z" end-time="2021-10-08 08:36:27Z" duration="0.000257" asserts="14" />
              <test-case id="1069" name="Cylinder_ContainsPoint_IsCorrect(6,-2,-4)" fullname="Inheritance.Geometry.Virtual.VirtualTask_Should.Cylinder_ContainsPoint_IsCorrect(6,-2,-4)" methodname="Cylinder_ContainsPoint_IsCorrect" classname="Inheritance.Geometry.Virtual.VirtualTask_Should" runstate="Runnable" seed="631154870" result="Passed" start-time="2021-10-08 08:36:27Z" end-time="2021-10-08 08:36:27Z" duration="0.000334" asserts="14" />
            </test-suite>
            <test-suite type="ParameterizedMethod" id="1056" name="RectangularCuboid_BoundingBox_IsCorrect" fullname="Inheritance.Geometry.Virtual.VirtualTask_Should.RectangularCuboid_BoundingBox_IsCorrect" classname="Inheritance.Geometry.Virtual.VirtualTask_Should" runstate="Runnable" testcasecount="13" result="Passed" start-time="2021-10-08 08:36:27Z" end-time="2021-10-08 08:36:27Z" duration="0.409859" total="13" passed="13" failed="0" warnings="0" inconclusive="0" skipped="0" asserts="52">
              <test-case id="1043" name="RectangularCuboid_BoundingBox_IsCorrect(0,0,0,1,2,3)" fullname="Inheritance.Geometry.Virtual.VirtualTask_Should.RectangularCuboid_BoundingBox_IsCorrect(0,0,0,1,2,3)" methodname="RectangularCuboid_BoundingBox_IsCorrect" classname="Inheritance.Geometry.Virtual.VirtualTask_Should" runstate="Runnable" seed="758912233" result="Passed" start-time="2021-10-08 08:36:27Z" end-time="2021-10-08 08:36:27Z" duration="0.000612" asserts="4" />
              <test-case id="1044" name="RectangularCuboid_BoundingBox_IsCorrect(6,2,4,5,4,7)" fullname="Inheritance.Geometry.Virtual.VirtualTask_Should.RectangularCuboid_BoundingBox_IsCorrect(6,2,4,5,4,7)" methodname="RectangularCuboid_BoundingBox_IsCorrect" classname="Inheritance.Geometry.Virtual.VirtualTask_Should" runstate="Runnable" seed="6373256" result="Passed" start-time="2021-10-08 08:36:27Z" end-time="2021-10-08 08:36:27Z" duration="0.000191" asserts="4" />
              <test-case id="1045" name="RectangularCuboid_BoundingBox_IsCorrect(-6,2,4,5,5,5)" fullname="Inheritance.Geometry.Virtual.VirtualTask_Should.RectangularCuboid_BoundingBox_IsCorrect(-6,2,4,5,5,5)" methodname="RectangularCuboid_BoundingBox_IsCorrect" classname="Inheritance.Geometry.Virtual.VirtualTask_Should" runstate="Runnable" seed="1377797460" result="Passed" start-time="2021-10-08 08:36:27Z" end-time="2021-10-08 08:36:27Z" duration="0.000214" asserts="4" />
              <test-case id="1046" name="RectangularCuboid_BoundingBox_IsCorrect(-6,-2,4,0)" fullname="Inheritance.Geometry.Virtual.VirtualTask_Should.RectangularCuboid_BoundingBox_IsCorrect(-6,-2,4,0)" methodname="RectangularCuboid_BoundingBox_IsCorrect" classname="Inheritance.Geometry.Virtual.VirtualTask_Should" runstate="Runnable" seed="873960537" result="Passed" start-time="2021-10-08 08:36:27Z" end-time="2021-10-08 08:36:27Z" duration="0.000174" asserts="4" />
              <test-case id="1047" name="RectangularCuboid_BoundingBox_IsCorrect(-6,-2,-4,0)" fullname="Inheritance.Geometry.Virtual.VirtualTask_Should.RectangularCuboid_BoundingBox_IsCorrect(-6,-2,-4,0)" methodname="RectangularCuboid_BoundingBox_IsCorrect" classname="Inheritance.Geometry.Virtual.VirtualTask_Should" runstate="Runnable" seed="2052613250" result="Passed" start-time="2021-10-08 08:36:27Z" end-time="2021-10-08 08:36:27Z" duration="0.000262" asserts="4" />
              <test-case id="1048" name="RectangularCuboid_BoundingBox_IsCorrect(6,2,-4,0)" fullname="Inheritance.Geometry.Virtual.VirtualTask_Should.RectangularCuboid_BoundingBox_IsCorrect(6,2,-4,0)" methodname="RectangularCuboid_BoundingBox_IsCorrect" classname="Inheritance.Geometry.Virtual.VirtualTask_Should" runstate="Runnable" seed="2139908537" result="Passed" start-time="2021-10-08 08:36:27Z" end-time="2021-10-08 08:36:27Z" duration="0.000175" asserts="4" />
              <test-case id="1049" name="RectangularCuboid_BoundingBox_IsCorrect(6,-2,-4,0)" fullname="Inheritance.Geometry.Virtual.VirtualTask_Should.RectangularCuboid_BoundingBox_IsCorrect(6,-2,-4,0)" methodname="RectangularCuboid_BoundingBox_IsCorrect" classname="Inheritance.Geometry.Virtual.VirtualTask_Should" runstate="Runnable" seed="1590016826" result="Passed" start-time="2021-10-08 08:36:27Z" end-time="2021-10-08 08:36:27Z" duration="0.000130" asserts="4" />
              <test-case id="1050" name="RectangularCuboid_BoundingBox_IsCorrect(6,2,4,2)" fullname="Inheritance.Geometry.Virtual.VirtualTask_Should.RectangularCuboid_BoundingBox_IsCorrect(6,2,4,2)" methodname="RectangularCuboid_BoundingBox_IsCorrect" classname="Inheritance.Geometry.Virtual.VirtualTask_Should" runstate="Runnable" seed="802994203" result="Passed" start-time="2021-10-08 08:36:27Z" end-time="2021-10-08 08:36:27Z" duration="0.000159" asserts="4" />
              <test-case id="1051" name="RectangularCuboid_BoundingBox_IsCorrect(-6,2,4,4)" fullname="Inheritance.Geometry.Virtual.VirtualTask_Should.RectangularCuboid_BoundingBox_IsCorrect(-6,2,4,4)" methodname="RectangularCuboid_BoundingBox_IsCorrect" classname="Inheritance.Geometry.Virtual.VirtualTask_Should" runstate="Runnable" seed="228385809" result="Passed" start-time="2021-10-08 08:36:27Z" end-time="2021-10-08 08:36:27Z" duration="0.000175" asserts="4" />
              <test-case id="1052" name="RectangularCuboid_BoundingBox_IsCorrect(-6,-2,4,9)" fullname="Inheritance.Geometry.Virtual.VirtualTask_Should.RectangularCuboid_BoundingBox_IsCorrect(-6,-2,4,9)" methodname="RectangularCuboid_BoundingBox_IsCorrect" classname="Inheritance.Geometry.Virtual.VirtualTask_Should" runstate="Runnable" seed="858182552" result="Passed" start-time="2021-10-08 08:36:27Z" end-time="2021-10-08 08:36:27Z" duration="0.000164" asserts="4" />
              <test-case id="1053" name="RectangularCuboid_BoundingBox_IsCorrect(-6,-2,-4,8)" fullname="Inheritance.Geometry.Virtual.VirtualTask_Should.RectangularCuboid_BoundingBox_IsCorrect(-6,-2,-4,8)" methodname="RectangularCuboid_BoundingBox_IsCorrect" classname="Inheritance.Geometry.Virtual.VirtualTask_Should" runstate="Runnable" seed="600064912" result="Passed" start-time="2021-10-08 08:36:27Z" end-time="2021-10-08 08:36:27Z" duration="0.000184" asserts="4" />
              <test-case id="1054" name="RectangularCuboid_BoundingBox_IsCorrect(6,2,-4,7)" fullname="Inheritance.Geometry.Virtual.VirtualTask_Should.RectangularCuboid_BoundingBox_IsCorrect(6,2,-4,7)" methodname="RectangularCuboid_BoundingBox_IsCorrect" classname="Inheritance.Geometry.Virtual.VirtualTask_Should" runstate="Runnable" seed="2081117062" result="Passed" start-time="2021-10-08 08:36:27Z" end-time="2021-10-08 08:36:27Z" duration="0.000215" asserts="4" />
              <test-case id="1055" name="RectangularCuboid_BoundingBox_IsCorrect(6,-2,-4,1)" fullname="Inheritance.Geometry.Virtual.VirtualTask_Should.RectangularCuboid_BoundingBox_IsCorrect(6,-2,-4,1)" methodname="RectangularCuboid_BoundingBox_IsCorrect" classname="Inheritance.Geometry.Virtual.VirtualTask_Should" runstate="Runnable" seed="1734381763" result="Passed" start-time="2021-10-08 08:36:27Z" end-time="2021-10-08 08:36:27Z" duration="0.000230" asserts="4" />
            </test-suite>
            <test-suite type="ParameterizedMethod" id="1042" name="RectangularCuboid_ContainsPoint_IsCorrect" fullname="Inheritance.Geometry.Virtual.VirtualTask_Should.RectangularCuboid_ContainsPoint_IsCorrect" classname="Inheritance.Geometry.Virtual.VirtualTask_Should" runstate="Runnable" testcasecount="13" result="Passed" start-time="2021-10-08 08:36:27Z" end-time="2021-10-08 08:36:28Z" duration="0.406163" total="13" passed="13" failed="0" warnings="0" inconclusive="0" skipped="0" asserts="182">
              <test-case id="1029" name="RectangularCuboid_ContainsPoint_IsCorrect(0,0,0,8,8,8)" fullname="Inheritance.Geometry.Virtual.VirtualTask_Should.RectangularCuboid_ContainsPoint_IsCorrect(0,0,0,8,8,8)" methodname="RectangularCuboid_ContainsPoint_IsCorrect" classname="Inheritance.Geometry.Virtual.VirtualTask_Should" runstate="Runnable" seed="696705393" result="Passed" start-time="2021-10-08 08:36:27Z" end-time="2021-10-08 08:36:27Z" duration="0.000367" asserts="14" />
              <test-case id="1030" name="RectangularCuboid_ContainsPoint_IsCorrect(6,2,4)" fullname="Inheritance.Geometry.Virtual.VirtualTask_Should.RectangularCuboid_ContainsPoint_IsCorrect(6,2,4)" methodname="RectangularCuboid_ContainsPoint_IsCorrect" classname="Inheritance.Geometry.Virtual.VirtualTask_Should" runstate="Runnable" seed="427023388" result="Passed" start-time="2021-10-08 08:36:27Z" end-time="2021-10-08 08:36:27Z" duration="0.000198" asserts="14" />
              <test-case id="1031" name="RectangularCuboid_ContainsPoint_IsCorrect(-6,2,4)" fullname="Inheritance.Geometry.Virtual.VirtualTask_Should.RectangularCuboid_ContainsPoint_IsCorrect(-6,2,4)" methodname="RectangularCuboid_ContainsPoint_IsCorrect" classname="Inheritance.Geometry.Virtual.VirtualTask_Should" runstate="Runnable" seed="438558815" result="Passed" start-time="2021-10-08 08:36:27Z" end-time="2021-10-08 08:36:27Z" duration="0.000147" asserts="14" />
              <test-case id="1032" name="RectangularCuboid_ContainsPoint_IsCorrect(-6,-2,4)" fullname="Inheritance.Geometry.Virtual.VirtualTask_Should.RectangularCuboid_ContainsPoint_IsCorrect(-6,-2,4)" methodname="RectangularCuboid_ContainsPoint_IsCorrect" classname="Inheritance.Geometry.Virtual.VirtualTask_Should" runstate="Runnable" seed="1790079841" result="Passed" start-time="2021-10-08 08:36:27Z" end-time="2021-10-08 08:36:27Z" duration="0.000161" asserts="14" />
              <test-case id="1033" name="RectangularCuboid_ContainsPoint_IsCorrect(-6,-2,-4)" fullname="Inheritance.Geometry.Virtual.VirtualTask_Should.RectangularCuboid_ContainsPoint_IsCorrect(-6,-2,-4)" methodname="RectangularCuboid_ContainsPoint_IsCorrect" classname="Inheritance.Geometry.Virtual.VirtualTask_Should" runstate="Runnable" seed="583608026" result="Passed" start-time="2021-10-08 08:36:27Z" end-time="2021-10-08 08:36:27Z" duration="0.000350" asserts="14" />
              <test-case id="1034" name="RectangularCuboid_ContainsPoint_IsCorrect(6,2,-4)" fullname="Inheritance.Geometry.Virtual.VirtualTask_Should.RectangularCuboid_ContainsPoint_IsCorrect(6,2,-4)" methodname="RectangularCuboid_ContainsPoint_IsCorrect" classname="Inheritance.Geometry.Virtual.VirtualTask_Should" runstate="Runnable" seed="1831015505" result="Passed" start-time="2021-10-08 08:36:27Z" end-time="2021-10-08 08:36:27Z" duration="0.000170" asserts="14" />
              <test-case id="1035" name="RectangularCuboid_ContainsPoint_IsCorrect(6,-2,-4)" fullname="Inheritance.Geometry.Virtual.VirtualTask_Should.RectangularCuboid_ContainsPoint_IsCorrect(6,-2,-4)" methodname="RectangularCuboid_ContainsPoint_IsCorrect" classname="Inheritance.Geometry.Virtual.VirtualTask_Should" runstate="Runnable" seed="42201237" result="Passed" start-time="2021-10-08 08:36:27Z" end-time="2021-10-08 08:36:27Z" duration="0.000289" asserts="14" />
              <test-case id="1036" name="RectangularCuboid_ContainsPoint_IsCorrect(6,2,4,4,4,4)" fullname="Inheritance.Geometry.Virtual.VirtualTask_Should.RectangularCuboid_ContainsPoint_IsCorrect(6,2,4,4,4,4)" methodname="RectangularCuboid_ContainsPoint_IsCorrect" classname="Inheritance.Geometry.Virtual.VirtualTask_Should" runstate="Runnable" seed="1466078541" result="Passed" start-time="2021-10-08 08:36:27Z" end-time="2021-10-08 08:36:27Z" duration="0.000202" asserts="14" />
              <test-case id="1037" name="RectangularCuboid_ContainsPoint_IsCorrect(-6,2,4)" fullname="Inheritance.Geometry.Virtual.VirtualTask_Should.RectangularCuboid_ContainsPoint_IsCorrect(-6,2,4)" methodname="RectangularCuboid_ContainsPoint_IsCorrect" classname="Inheritance.Geometry.Virtual.VirtualTask_Should" runstate="Runnable" seed="2018529031" result="Passed" start-time="2021-10-08 08:36:27Z" end-time="2021-10-08 08:36:27Z" duration="0.000385" asserts="14" />
              <test-case id="1038" name="RectangularCuboid_ContainsPoint_IsCorrect(-6,-2,4)" fullname="Inheritance.Geometry.Virtual.VirtualTask_Should.RectangularCuboid_ContainsPoint_IsCorrect(-6,-2,4)" methodname="RectangularCuboid_ContainsPoint_IsCorrect" classname="Inheritance.Geometry.Virtual.VirtualTask_Should" runstate="Runnable" seed="478861319" result="Passed" start-time="2021-10-08 08:36:28Z" end-time="2021-10-08 08:36:28Z" duration="0.000563" asserts="14" />
              <test-case id="1039" name="RectangularCuboid_ContainsPoint_IsCorrect(-6,-2,-4)" fullname="Inheritance.Geometry.Virtual.VirtualTask_Should.RectangularCuboid_ContainsPoint_IsCorrect(-6,-2,-4)" methodname="RectangularCuboid_ContainsPoint_IsCorrect" classname="Inheritance.Geometry.Virtual.VirtualTask_Should" runstate="Runnable" seed="1751143250" result="Passed" start-time="2021-10-08 08:36:28Z" end-time="2021-10-08 08:36:28Z" duration="0.001828" asserts="14" />
              <test-case id="1040" name="RectangularCuboid_ContainsPoint_IsCorrect(6,2,-4)" fullname="Inheritance.Geometry.Virtual.VirtualTask_Should.RectangularCuboid_ContainsPoint_IsCorrect(6,2,-4)" methodname="RectangularCuboid_ContainsPoint_IsCorrect" classname="Inheritance.Geometry.Virtual.VirtualTask_Should" runstate="Runnable" seed="1857216768" result="Passed" start-time="2021-10-08 08:36:28Z" end-time="2021-10-08 08:36:28Z" duration="0.000224" asserts="14" />
              <test-case id="1041" name="RectangularCuboid_ContainsPoint_IsCorrect(6,-2,-4)" fullname="Inheritance.Geometry.Virtual.VirtualTask_Should.RectangularCuboid_ContainsPoint_IsCorrect(6,-2,-4)" methodname="RectangularCuboid_ContainsPoint_IsCorrect" classname="Inheritance.Geometry.Virtual.VirtualTask_Should" runstate="Runnable" seed="372554231" result="Passed" start-time="2021-10-08 08:36:28Z" end-time="2021-10-08 08:36:28Z" duration="0.000198" asserts="14" />
            </test-suite>
          </test-suite>
        </test-suite>
        <test-suite type="TestSuite" id="1176" name="Visitor" fullname="Inheritance.Geometry.Visitor" runstate="Runnable" testcasecount="55" result="Passed" start-time="2021-10-08 08:36:24Z" end-time="2021-10-08 08:36:30Z" duration="5.627621" total="55" passed="55" failed="0" warnings="0" inconclusive="0" skipped="0" asserts="300">
          <test-suite type="TestFixture" id="1110" name="BoundingBoxVisitor_Should" fullname="Inheritance.Geometry.Visitor.BoundingBoxVisitor_Should" classname="Inheritance.Geometry.Visitor.BoundingBoxVisitor_Should" runstate="Runnable" testcasecount="51" result="Passed" start-time="2021-10-08 08:36:28Z" end-time="2021-10-08 08:36:29Z" duration="1.782093" total="51" passed="51" failed="0" warnings="0" inconclusive="0" skipped="0" asserts="273">
            <test-suite type="ParameterizedMethod" id="1128" name="Ball_BoundingBoxVisitor_IsCorrect" fullname="Inheritance.Geometry.Visitor.BoundingBoxVisitor_Should.Ball_BoundingBoxVisitor_IsCorrect" classname="Inheritance.Geometry.Visitor.BoundingBoxVisitor_Should" runstate="Runnable" testcasecount="13" result="Passed" start-time="2021-10-08 08:36:28Z" end-time="2021-10-08 08:36:28Z" duration="0.438406" total="13" passed="13" failed="0" warnings="0" inconclusive="0" skipped="0" asserts="52">
              <test-case id="1115" name="Ball_BoundingBoxVisitor_IsCorrect(0,0,0,1)" fullname="Inheritance.Geometry.Visitor.BoundingBoxVisitor_Should.Ball_BoundingBoxVisitor_IsCorrect(0,0,0,1)" methodname="Ball_BoundingBoxVisitor_IsCorrect" classname="Inheritance.Geometry.Visitor.BoundingBoxVisitor_Should" runstate="Runnable" seed="1594609540" result="Passed" start-time="2021-10-08 08:36:28Z" end-time="2021-10-08 08:36:28Z" duration="0.043578" asserts="4" />
              <test-case id="1116" name="Ball_BoundingBoxVisitor_IsCorrect(6,2,4,0)" fullname="Inheritance.Geometry.Visitor.BoundingBoxVisitor_Should.Ball_BoundingBoxVisitor_IsCorrect(6,2,4,0)" methodname="Ball_BoundingBoxVisitor_IsCorrect" classname="Inheritance.Geometry.Visitor.BoundingBoxVisitor_Should" runstate="Runnable" seed="1023581872" result="Passed" start-time="2021-10-08 08:36:28Z" end-time="2021-10-08 08:36:28Z" duration="0.000219" asserts="4" />
              <test-case id="1117" name="Ball_BoundingBoxVisitor_IsCorrect(-6,2,4,0)" fullname="Inheritance.Geometry.Visitor.BoundingBoxVisitor_Should.Ball_BoundingBoxVisitor_IsCorrect(-6,2,4,0)" methodname="Ball_BoundingBoxVisitor_IsCorrect" classname="Inheritance.Geometry.Visitor.BoundingBoxVisitor_Should" runstate="Runnable" seed="523855102" result="Passed" start-time="2021-10-08 08:36:28Z" end-time="2021-10-08 08:36:28Z" duration="0.000223" asserts="4" />
              <test-case id="1118" name="Ball_BoundingBoxVisitor_IsCorrect(-6,-2,4,0)" fullname="Inheritance.Geometry.Visitor.BoundingBoxVisitor_Should.Ball_BoundingBoxVisitor_IsCorrect(-6,-2,4,0)" methodname="Ball_BoundingBoxVisitor_IsCorrect" classname="Inheritance.Geometry.Visitor.BoundingBoxVisitor_Should" runstate="Runnable" seed="111790649" result="Passed" start-time="2021-10-08 08:36:28Z" end-time="2021-10-08 08:36:28Z" duration="0.000138" asserts="4" />
              <test-case id="1119" name="Ball_BoundingBoxVisitor_IsCorrect(-6,-2,-4,0)" fullname="Inheritance.Geometry.Visitor.BoundingBoxVisitor_Should.Ball_BoundingBoxVisitor_IsCorrect(-6,-2,-4,0)" methodname="Ball_BoundingBoxVisitor_IsCorrect" classname="Inheritance.Geometry.Visitor.BoundingBoxVisitor_Should" runstate="Runnable" seed="750098629" result="Passed" start-time="2021-10-08 08:36:28Z" end-time="2021-10-08 08:36:28Z" duration="0.000283" asserts="4" />
              <test-case id="1120" name="Ball_BoundingBoxVisitor_IsCorrect(6,2,-4,0)" fullname="Inheritance.Geometry.Visitor.BoundingBoxVisitor_Should.Ball_BoundingBoxVisitor_IsCorrect(6,2,-4,0)" methodname="Ball_BoundingBoxVisitor_IsCorrect" classname="Inheritance.Geometry.Visitor.BoundingBoxVisitor_Should" runstate="Runnable" seed="159583568" result="Passed" start-time="2021-10-08 08:36:28Z" end-time="2021-10-08 08:36:28Z" duration="0.000381" asserts="4" />
              <test-case id="1121" name="Ball_BoundingBoxVisitor_IsCorrect(6,-2,-4,0)" fullname="Inheritance.Geometry.Visitor.BoundingBoxVisitor_Should.Ball_BoundingBoxVisitor_IsCorrect(6,-2,-4,0)" methodname="Ball_BoundingBoxVisitor_IsCorrect" classname="Inheritance.Geometry.Visitor.BoundingBoxVisitor_Should" runstate="Runnable" seed="1597448389" result="Passed" start-time="2021-10-08 08:36:28Z" end-time="2021-10-08 08:36:28Z" duration="0.000255" asserts="4" />
              <test-case id="1122" name="Ball_BoundingBoxVisitor_IsCorrect(6,2,4,2)" fullname="Inheritance.Geometry.Visitor.BoundingBoxVisitor_Should.Ball_BoundingBoxVisitor_IsCorrect(6,2,4,2)" methodname="Ball_BoundingBoxVisitor_IsCorrect" classname="Inheritance.Geometry.Visitor.BoundingBoxVisitor_Should" runstate="Runnable" seed="697025570" result="Passed" start-time="2021-10-08 08:36:28Z" end-time="2021-10-08 08:36:28Z" duration="0.000156" asserts="4" />
              <test-case id="1123" name="Ball_BoundingBoxVisitor_IsCorrect(-6,2,4,4)" fullname="Inheritance.Geometry.Visitor.BoundingBoxVisitor_Should.Ball_BoundingBoxVisitor_IsCorrect(-6,2,4,4)" methodname="Ball_BoundingBoxVisitor_IsCorrect" classname="Inheritance.Geometry.Visitor.BoundingBoxVisitor_Should" runstate="Runnable" seed="762779932" result="Passed" start-time="2021-10-08 08:36:28Z" end-time="2021-10-08 08:36:28Z" duration="0.000149" asserts="4" />
              <test-case id="1124" name="Ball_BoundingBoxVisitor_IsCorrect(-6,-2,4,9)" fullname="Inheritance.Geometry.Visitor.BoundingBoxVisitor_Should.Ball_BoundingBoxVisitor_IsCorrect(-6,-2,4,9)" methodname="Ball_BoundingBoxVisitor_IsCorrect" classname="Inheritance.Geometry.Visitor.BoundingBoxVisitor_Should" runstate="Runnable" seed="850915242" result="Passed" start-time="2021-10-08 08:36:28Z" end-time="2021-10-08 08:36:28Z" duration="0.000148" asserts="4" />
              <test-case id="1125" name="Ball_BoundingBoxVisitor_IsCorrect(-6,-2,-4,8)" fullname="Inheritance.Geometry.Visitor.BoundingBoxVisitor_Should.Ball_BoundingBoxVisitor_IsCorrect(-6,-2,-4,8)" methodname="Ball_BoundingBoxVisitor_IsCorrect" classname="Inheritance.Geometry.Visitor.BoundingBoxVisitor_Should" runstate="Runnable" seed="398923898" result="Passed" start-time="2021-10-08 08:36:28Z" end-time="2021-10-08 08:36:28Z" duration="0.000600" asserts="4" />
              <test-case id="1126" name="Ball_BoundingBoxVisitor_IsCorrect(6,2,-4,7)" fullname="Inheritance.Geometry.Visitor.BoundingBoxVisitor_Should.Ball_BoundingBoxVisitor_IsCorrect(6,2,-4,7)" methodname="Ball_BoundingBoxVisitor_IsCorrect" classname="Inheritance.Geometry.Visitor.BoundingBoxVisitor_Should" runstate="Runnable" seed="691336896" result="Passed" start-time="2021-10-08 08:36:28Z" end-time="2021-10-08 08:36:28Z" duration="0.000170" asserts="4" />
              <test-case id="1127" name="Ball_BoundingBoxVisitor_IsCorrect(6,-2,-4,1)" fullname="Inheritance.Geometry.Visitor.BoundingBoxVisitor_Should.Ball_BoundingBoxVisitor_IsCorrect(6,-2,-4,1)" methodname="Ball_BoundingBoxVisitor_IsCorrect" classname="Inheritance.Geometry.Visitor.BoundingBoxVisitor_Should" runstate="Runnable" seed="929079410" result="Passed" start-time="2021-10-08 08:36:28Z" end-time="2021-10-08 08:36:28Z" duration="0.000170" asserts="4" />
            </test-suite>
            <test-suite type="ParameterizedMethod" id="1166" name="CompoundBody_BoundingBox_IsCorrect" fullname="Inheritance.Geometry.Visitor.BoundingBoxVisitor_Should.CompoundBody_BoundingBox_IsCorrect" classname="Inheritance.Geometry.Visitor.BoundingBoxVisitor_Should" runstate="Runnable" testcasecount="9" result="Passed" start-time="2021-10-08 08:36:28Z" end-time="2021-10-08 08:36:28Z" duration="0.278875" total="9" passed="9" failed="0" warnings="0" inconclusive="0" skipped="0" asserts="108">
              <test-case id="1157" name="CompoundBody_BoundingBox_IsCorrect(0,0,0,1)" fullname="Inheritance.Geometry.Visitor.BoundingBoxVisitor_Should.CompoundBody_BoundingBox_IsCorrect(0,0,0,1)" methodname="CompoundBody_BoundingBox_IsCorrect" classname="Inheritance.Geometry.Visitor.BoundingBoxVisitor_Should" runstate="Runnable" seed="1961480890" result="Passed" start-time="2021-10-08 08:36:28Z" end-time="2021-10-08 08:36:28Z" duration="0.006015" asserts="12" />
              <test-case id="1158" name="CompoundBody_BoundingBox_IsCorrect(0,0,0,6)" fullname="Inheritance.Geometry.Visitor.BoundingBoxVisitor_Should.CompoundBody_BoundingBox_IsCorrect(0,0,0,6)" methodname="CompoundBody_BoundingBox_IsCorrect" classname="Inheritance.Geometry.Visitor.BoundingBoxVisitor_Should" runstate="Runnable" seed="966197370" result="Passed" start-time="2021-10-08 08:36:28Z" end-time="2021-10-08 08:36:28Z" duration="0.000254" asserts="12" />
              <test-case id="1159" name="CompoundBody_BoundingBox_IsCorrect(0,0,0,7)" fullname="Inheritance.Geometry.Visitor.BoundingBoxVisitor_Should.CompoundBody_BoundingBox_IsCorrect(0,0,0,7)" methodname="CompoundBody_BoundingBox_IsCorrect" classname="Inheritance.Geometry.Visitor.BoundingBoxVisitor_Should" runstate="Runnable" seed="143649654" result="Passed" start-time="2021-10-08 08:36:28Z" end-time="2021-10-08 08:36:28Z" duration="0.000176" asserts="12" />
              <test-case id="1160" name="CompoundBody_BoundingBox_IsCorrect(1,1,1,7)" fullname="Inheritance.Geometry.Visitor.BoundingBoxVisitor_Should.CompoundBody_BoundingBox_IsCorrect(1,1,1,7)" methodname="CompoundBody_BoundingBox_IsCorrect" classname="Inheritance.Geometry.Visitor.BoundingBoxVisitor_Should" runstate="Runnable" seed="1114472800" result="Passed" start-time="2021-10-08 08:36:28Z" end-time="2021-10-08 08:36:28Z" duration="0.000222" asserts="12" />
              <test-case id="1161" name="CompoundBody_BoundingBox_IsCorrect(2,3,6,5)" fullname="Inheritance.Geometry.Visitor.BoundingBoxVisitor_Should.CompoundBody_BoundingBox_IsCorrect(2,3,6,5)" methodname="CompoundBody_BoundingBox_IsCorrect" classname="Inheritance.Geometry.Visitor.BoundingBoxVisitor_Should" runstate="Runnable" seed="1874611481" result="Passed" start-time="2021-10-08 08:36:28Z" end-time="2021-10-08 08:36:28Z" duration="0.000148" asserts="12" />
              <test-case id="1162" name="CompoundBody_BoundingBox_IsCorrect(-2,-3,6,3)" fullname="Inheritance.Geometry.Visitor.BoundingBoxVisitor_Should.CompoundBody_BoundingBox_IsCorrect(-2,-3,6,3)" methodname="CompoundBody_BoundingBox_IsCorrect" classname="Inheritance.Geometry.Visitor.BoundingBoxVisitor_Should" runstate="Runnable" seed="1963837834" result="Passed" start-time="2021-10-08 08:36:28Z" end-time="2021-10-08 08:36:28Z" duration="0.000159" asserts="12" />
              <test-case id="1163" name="CompoundBody_BoundingBox_IsCorrect(-12,-23,-46,13)" fullname="Inheritance.Geometry.Visitor.BoundingBoxVisitor_Should.CompoundBody_BoundingBox_IsCorrect(-12,-23,-46,13)" methodname="CompoundBody_BoundingBox_IsCorrect" classname="Inheritance.Geometry.Visitor.BoundingBoxVisitor_Should" runstate="Runnable" seed="1309626039" result="Passed" start-time="2021-10-08 08:36:28Z" end-time="2021-10-08 08:36:28Z" duration="0.000326" asserts="12" />
              <test-case id="1164" name="CompoundBody_BoundingBox_IsCorrect(12,-23,6,14)" fullname="Inheritance.Geometry.Visitor.BoundingBoxVisitor_Should.CompoundBody_BoundingBox_IsCorrect(12,-23,6,14)" methodname="CompoundBody_BoundingBox_IsCorrect" classname="Inheritance.Geometry.Visitor.BoundingBoxVisitor_Should" runstate="Runnable" seed="652042046" result="Passed" start-time="2021-10-08 08:36:28Z" end-time="2021-10-08 08:36:28Z" duration="0.000156" asserts="12" />
              <test-case id="1165" name="CompoundBody_BoundingBox_IsCorrect(8,5,-16,12)" fullname="Inheritance.Geometry.Visitor.BoundingBoxVisitor_Should.CompoundBody_BoundingBox_IsCorrect(8,5,-16,12)" methodname="CompoundBody_BoundingBox_IsCorrect" classname="Inheritance.Geometry.Visitor.BoundingBoxVisitor_Should" runstate="Runnable" seed="1691387654" result="Passed" start-time="2021-10-08 08:36:28Z" end-time="2021-10-08 08:36:28Z" duration="0.000190" asserts="12" />
            </test-suite>
            <test-suite type="ParameterizedMethod" id="1114" name="CompoundBody_Of_TwoCuboids_BoundingBox_Correct" fullname="Inheritance.Geometry.Visitor.BoundingBoxVisitor_Should.CompoundBody_Of_TwoCuboids_BoundingBox_Correct" classname="Inheritance.Geometry.Visitor.BoundingBoxVisitor_Should" runstate="Runnable" testcasecount="3" result="Passed" start-time="2021-10-08 08:36:28Z" end-time="2021-10-08 08:36:29Z" duration="0.094577" total="3" passed="3" failed="0" warnings="0" inconclusive="0" skipped="0" asserts="9">
              <test-case id="1111" name="CompoundBody_Of_TwoCuboids_BoundingBox_Correct(1,2,3,2,1,3,5,5,4)" fullname="Inheritance.Geometry.Visitor.BoundingBoxVisitor_Should.CompoundBody_Of_TwoCuboids_BoundingBox_Correct(1,2,3,2,1,3,5,5,4)" methodname="CompoundBody_Of_TwoCuboids_BoundingBox_Correct" classname="Inheritance.Geometry.Visitor.BoundingBoxVisitor_Should" runstate="Runnable" seed="1255849390" result="Passed" start-time="2021-10-08 08:36:28Z" end-time="2021-10-08 08:36:28Z" duration="0.000638" asserts="3" />
              <test-case id="1112" name="CompoundBody_Of_TwoCuboids_BoundingBox_Correct(1,1,1,2,2,2,5,5,5)" fullname="Inheritance.Geometry.Visitor.BoundingBoxVisitor_Should.CompoundBody_Of_TwoCuboids_BoundingBox_Correct(1,1,1,2,2,2,5,5,5)" methodname="CompoundBody_Of_TwoCuboids_BoundingBox_Correct" classname="Inheritance.Geometry.Visitor.BoundingBoxVisitor_Should" runstate="Runnable" seed="1769549502" result="Passed" start-time="2021-10-08 08:36:29Z" end-time="2021-10-08 08:36:29Z" duration="0.000129" asserts="3" />
              <test-case id="1113" name="CompoundBody_Of_TwoCuboids_BoundingBox_Correct(2,1,1,1,2,2,5,5,5)" fullname="Inheritance.Geometry.Visitor.BoundingBoxVisitor_Should.CompoundBody_Of_TwoCuboids_BoundingBox_Correct(2,1,1,1,2,2,5,5,5)" methodname="CompoundBody_Of_TwoCuboids_BoundingBox_Correct" classname="Inheritance.Geometry.Visitor.BoundingBoxVisitor_Should" runstate="Runnable" seed="1072500468" result="Passed" start-time="2021-10-08 08:36:29Z" end-time="2021-10-08 08:36:29Z" duration="0.000169" asserts="3" />
            </test-suite>
            <test-suite type="ParameterizedMethod" id="1156" name="Cylinder_BoundingBox_IsCorrect" fullname="Inheritance.Geometry.Visitor.BoundingBoxVisitor_Should.Cylinder_BoundingBox_IsCorrect" classname="Inheritance.Geometry.Visitor.BoundingBoxVisitor_Should" runstate="Runnable" testcasecount="13" result="Passed" start-time="2021-10-08 08:36:29Z" end-time="2021-10-08 08:36:29Z" duration="0.407784" total="13" passed="13" failed="0" warnings="0" inconclusive="0" skipped="0" asserts="52">
              <test-case id="1143" name="Cylinder_BoundingBox_IsCorrect(0,0,0,1,2)" fullname="Inheritance.Geometry.Visitor.BoundingBoxVisitor_Should.Cylinder_BoundingBox_IsCorrect(0,0,0,1,2)" methodname="Cylinder_BoundingBox_IsCorrect" classname="Inheritance.Geometry.Visitor.BoundingBoxVisitor_Should" runstate="Runnable" seed="677940309" result="Passed" start-time="2021-10-08 08:36:29Z" end-time="2021-10-08 08:36:29Z" duration="0.000458" asserts="4" />
              <test-case id="1144" name="Cylinder_BoundingBox_IsCorrect(6,2,4,5,4)" fullname="Inheritance.Geometry.Visitor.BoundingBoxVisitor_Should.Cylinder_BoundingBox_IsCorrect(6,2,4,5,4)" methodname="Cylinder_BoundingBox_IsCorrect" classname="Inheritance.Geometry.Visitor.BoundingBoxVisitor_Should" runstate="Runnable" seed="1954945502" result="Passed" start-time="2021-10-08 08:36:29Z" end-time="2021-10-08 08:36:29Z" duration="0.000281" asserts="4" />
              <test-case id="1145" name="Cylinder_BoundingBox_IsCorrect(-6,2,4,5,5)" fullname="Inheritance.Geometry.Visitor.BoundingBoxVisitor_Should.Cylinder_BoundingBox_IsCorrect(-6,2,4,5,5)" methodname="Cylinder_BoundingBox_IsCorrect" classname="Inheritance.Geometry.Visitor.BoundingBoxVisitor_Should" runstate="Runnable" seed="395407102" result="Passed" start-time="2021-10-08 08:36:29Z" end-time="2021-10-08 08:36:29Z" duration="0.000127" asserts="4" />
              <test-case id="1146" name="Cylinder_BoundingBox_IsCorrect(-6,-2,4)" fullname="Inheritance.Geometry.Visitor.BoundingBoxVisitor_Should.Cylinder_BoundingBox_IsCorrect(-6,-2,4)" methodname="Cylinder_BoundingBox_IsCorrect" classname="Inheritance.Geometry.Visitor.BoundingBoxVisitor_Should" runstate="Runnable" seed="90550490" result="Passed" start-time="2021-10-08 08:36:29Z" end-time="2021-10-08 08:36:29Z" duration="0.000154" asserts="4" />
              <test-case id="1147" name="Cylinder_BoundingBox_IsCorrect(-6,-2,-4)" fullname="Inheritance.Geometry.Visitor.BoundingBoxVisitor_Should.Cylinder_BoundingBox_IsCorrect(-6,-2,-4)" methodname="Cylinder_BoundingBox_IsCorrect" classname="Inheritance.Geometry.Visitor.BoundingBoxVisitor_Should" runstate="Runnable" seed="1121316389" result="Passed" start-time="2021-10-08 08:36:29Z" end-time="2021-10-08 08:36:29Z" duration="0.000231" asserts="4" />
              <test-case id="1148" name="Cylinder_BoundingBox_IsCorrect(6,2,-4)" fullname="Inheritance.Geometry.Visitor.BoundingBoxVisitor_Should.Cylinder_BoundingBox_IsCorrect(6,2,-4)" methodname="Cylinder_BoundingBox_IsCorrect" classname="Inheritance.Geometry.Visitor.BoundingBoxVisitor_Should" runstate="Runnable" seed="1735449472" result="Passed" start-time="2021-10-08 08:36:29Z" end-time="2021-10-08 08:36:29Z" duration="0.000522" asserts="4" />
              <test-case id="1149" name="Cylinder_BoundingBox_IsCorrect(6,-2,-4)" fullname="Inheritance.Geometry.Visitor.BoundingBoxVisitor_Should.Cylinder_BoundingBox_IsCorrect(6,-2,-4)" methodname="Cylinder_BoundingBox_IsCorrect" classname="Inheritance.Geometry.Visitor.BoundingBoxVisitor_Should" runstate="Runnable" seed="770254536" result="Passed" start-time="2021-10-08 08:36:29Z" end-time="2021-10-08 08:36:29Z" duration="0.000179" asserts="4" />
              <test-case id="1150" name="Cylinder_BoundingBox_IsCorrect(6,2,4)" fullname="Inheritance.Geometry.Visitor.BoundingBoxVisitor_Should.Cylinder_BoundingBox_IsCorrect(6,2,4)" methodname="Cylinder_BoundingBox_IsCorrect" classname="Inheritance.Geometry.Visitor.BoundingBoxVisitor_Should" runstate="Runnable" seed="1632302002" result="Passed" start-time="2021-10-08 08:36:29Z" end-time="2021-10-08 08:36:29Z" duration="0.000220" asserts="4" />
              <test-case id="1151" name="Cylinder_BoundingBox_IsCorrect(-6,2,4)" fullname="Inheritance.Geometry.Visitor.BoundingBoxVisitor_Should.Cylinder_BoundingBox_IsCorrect(-6,2,4)" methodname="Cylinder_BoundingBox_IsCorrect" classname="Inheritance.Geometry.Visitor.BoundingBoxVisitor_Should" runstate="Runnable" seed="349994234" result="Passed" start-time="2021-10-08 08:36:29Z" end-time="2021-10-08 08:36:29Z" duration="0.000353" asserts="4" />
              <test-case id="1152" name="Cylinder_BoundingBox_IsCorrect(-6,-2,4)" fullname="Inheritance.Geometry.Visitor.BoundingBoxVisitor_Should.Cylinder_BoundingBox_IsCorrect(-6,-2,4)" methodname="Cylinder_BoundingBox_IsCorrect" classname="Inheritance.Geometry.Visitor.BoundingBoxVisitor_Should" runstate="Runnable" seed="935908678" result="Passed" start-time="2021-10-08 08:36:29Z" end-time="2021-10-08 08:36:29Z" duration="0.000274" asserts="4" />
              <test-case id="1153" name="Cylinder_BoundingBox_IsCorrect(-6,-2,-4)" fullname="Inheritance.Geometry.Visitor.BoundingBoxVisitor_Should.Cylinder_BoundingBox_IsCorrect(-6,-2,-4)" methodname="Cylinder_BoundingBox_IsCorrect" classname="Inheritance.Geometry.Visitor.BoundingBoxVisitor_Should" runstate="Runnable" seed="1842979760" result="Passed" start-time="2021-10-08 08:36:29Z" end-time="2021-10-08 08:36:29Z" duration="0.000569" asserts="4" />
              <test-case id="1154" name="Cylinder_BoundingBox_IsCorrect(6,2,-4)" fullname="Inheritance.Geometry.Visitor.BoundingBoxVisitor_Should.Cylinder_BoundingBox_IsCorrect(6,2,-4)" methodname="Cylinder_BoundingBox_IsCorrect" classname="Inheritance.Geometry.Visitor.BoundingBoxVisitor_Should" runstate="Runnable" seed="461036170" result="Passed" start-time="2021-10-08 08:36:29Z" end-time="2021-10-08 08:36:29Z" duration="0.000320" asserts="4" />
              <test-case id="1155" name="Cylinder_BoundingBox_IsCorrect(6,-2,-4)" fullname="Inheritance.Geometry.Visitor.BoundingBoxVisitor_Should.Cylinder_BoundingBox_IsCorrect(6,-2,-4)" methodname="Cylinder_BoundingBox_IsCorrect" classname="Inheritance.Geometry.Visitor.BoundingBoxVisitor_Should" runstate="Runnable" seed="883012723" result="Passed" start-time="2021-10-08 08:36:29Z" end-time="2021-10-08 08:36:29Z" duration="0.000341" asserts="4" />
            </test-suite>
            <test-suite type="ParameterizedMethod" id="1142" name="RectangularCuboid_BoundingBoxVisitor_IsCorrect" fullname="Inheritance.Geometry.Visitor.BoundingBoxVisitor_Should.RectangularCuboid_BoundingBoxVisitor_IsCorrect" classname="Inheritance.Geometry.Visitor.BoundingBoxVisitor_Should" runstate="Runnable" testcasecount="13" result="Passed" start-time="2021-10-08 08:36:29Z" end-time="2021-10-08 08:36:29Z" duration="0.405051" total="13" passed="13" failed="0" warnings="0" inconclusive="0" skipped="0" asserts="52">
              <test-case id="1129" name="RectangularCuboid_BoundingBoxVisitor_IsCorrect(0,0,0,1,2,3)" fullname="Inheritance.Geometry.Visitor.BoundingBoxVisitor_Should.RectangularCuboid_BoundingBoxVisitor_IsCorrect(0,0,0,1,2,3)" methodname="RectangularCuboid_BoundingBoxVisitor_IsCorrect" classname="Inheritance.Geometry.Visitor.BoundingBoxVisitor_Should" runstate="Runnable" seed="566941690" result="Passed" start-time="2021-10-08 08:36:29Z" end-time="2021-10-08 08:36:29Z" duration="0.000394" asserts="4" />
              <test-case id="1130" name="RectangularCuboid_BoundingBoxVisitor_IsCorrect(6,2,4,5,4,7)" fullname="Inheritance.Geometry.Visitor.BoundingBoxVisitor_Should.RectangularCuboid_BoundingBoxVisitor_IsCorrect(6,2,4,5,4,7)" methodname="RectangularCuboid_BoundingBoxVisitor_IsCorrect" classname="Inheritance.Geometry.Visitor.BoundingBoxVisitor_Should" runstate="Runnable" seed="1744135444" result="Passed" start-time="2021-10-08 08:36:29Z" end-time="2021-10-08 08:36:29Z" duration="0.000162" asserts="4" />
              <test-case id="1131" name="RectangularCuboid_BoundingBoxVisitor_IsCorrect(-6,2,4,5,5,5)" fullname="Inheritance.Geometry.Visitor.BoundingBoxVisitor_Should.RectangularCuboid_BoundingBoxVisitor_IsCorrect(-6,2,4,5,5,5)" methodname="RectangularCuboid_BoundingBoxVisitor_IsCorrect" classname="Inheritance.Geometry.Visitor.BoundingBoxVisitor_Should" runstate="Runnable" seed="1467598023" result="Passed" start-time="2021-10-08 08:36:29Z" end-time="2021-10-08 08:36:29Z" duration="0.000206" asserts="4" />
              <test-case id="1132" name="RectangularCuboid_BoundingBoxVisitor_IsCorrect(-6,-2,4,0)" fullname="Inheritance.Geometry.Visitor.BoundingBoxVisitor_Should.RectangularCuboid_BoundingBoxVisitor_IsCorrect(-6,-2,4,0)" methodname="RectangularCuboid_BoundingBoxVisitor_IsCorrect" classname="Inheritance.Geometry.Visitor.BoundingBoxVisitor_Should" runstate="Runnable" seed="629171131" result="Passed" start-time="2021-10-08 08:36:29Z" end-time="2021-10-08 08:36:29Z" duration="0.000176" asserts="4" />
              <test-case id="1133" name="RectangularCuboid_BoundingBoxVisitor_IsCorrect(-6,-2,-4,0)" fullname="Inheritance.Geometry.Visitor.BoundingBoxVisitor_Should.RectangularCuboid_BoundingBoxVisitor_IsCorrect(-6,-2,-4,0)" methodname="RectangularCuboid_BoundingBoxVisitor_IsCorrect" classname="Inheritance.Geometry.Visitor.BoundingBoxVisitor_Should" runstate="Runnable" seed="1003884454" result="Passed" start-time="2021-10-08 08:36:29Z" end-time="2021-10-08 08:36:29Z" duration="0.000497" asserts="4" />
              <test-case id="1134" name="RectangularCuboid_BoundingBoxVisitor_IsCorrect(6,2,-4,0)" fullname="Inheritance.Geometry.Visitor.BoundingBoxVisitor_Should.RectangularCuboid_BoundingBoxVisitor_IsCorrect(6,2,-4,0)" methodname="RectangularCuboid_BoundingBoxVisitor_IsCorrect" classname="Inheritance.Geometry.Visitor.BoundingBoxVisitor_Should" runstate="Runnable" seed="1760932414" result="Passed" start-time="2021-10-08 08:36:29Z" end-time="2021-10-08 08:36:29Z" duration="0.000176" asserts="4" />
              <test-case id="1135" name="RectangularCuboid_BoundingBoxVisitor_IsCorrect(6,-2,-4,0)" fullname="Inheritance.Geometry.Visitor.BoundingBoxVisitor_Should.RectangularCuboid_BoundingBoxVisitor_IsCorrect(6,-2,-4,0)" methodname="RectangularCuboid_BoundingBoxVisitor_IsCorrect" classname="Inheritance.Geometry.Visitor.BoundingBoxVisitor_Should" runstate="Runnable" seed="1558123297" result="Passed" start-time="2021-10-08 08:36:29Z" end-time="2021-10-08 08:36:29Z" duration="0.000438" asserts="4" />
              <test-case id="1136" name="RectangularCuboid_BoundingBoxVisitor_IsCorrect(6,2,4,2)" fullname="Inheritance.Geometry.Visitor.BoundingBoxVisitor_Should.RectangularCuboid_BoundingBoxVisitor_IsCorrect(6,2,4,2)" methodname="RectangularCuboid_BoundingBoxVisitor_IsCorrect" classname="Inheritance.Geometry.Visitor.BoundingBoxVisitor_Should" runstate="Runnable" seed="1848237006" result="Passed" start-time="2021-10-08 08:36:29Z" end-time="2021-10-08 08:36:29Z" duration="0.000312" asserts="4" />
              <test-case id="1137" name="RectangularCuboid_BoundingBoxVisitor_IsCorrect(-6,2,4,4)" fullname="Inheritance.Geometry.Visitor.BoundingBoxVisitor_Should.RectangularCuboid_BoundingBoxVisitor_IsCorrect(-6,2,4,4)" methodname="RectangularCuboid_BoundingBoxVisitor_IsCorrect" classname="Inheritance.Geometry.Visitor.BoundingBoxVisitor_Should" runstate="Runnable" seed="912827958" result="Passed" start-time="2021-10-08 08:36:29Z" end-time="2021-10-08 08:36:29Z" duration="0.000275" asserts="4" />
              <test-case id="1138" name="RectangularCuboid_BoundingBoxVisitor_IsCorrect(-6,-2,4,9)" fullname="Inheritance.Geometry.Visitor.BoundingBoxVisitor_Should.RectangularCuboid_BoundingBoxVisitor_IsCorrect(-6,-2,4,9)" methodname="RectangularCuboid_BoundingBoxVisitor_IsCorrect" classname="Inheritance.Geometry.Visitor.BoundingBoxVisitor_Should" runstate="Runnable" seed="1569105702" result="Passed" start-time="2021-10-08 08:36:29Z" end-time="2021-10-08 08:36:29Z" duration="0.000155" asserts="4" />
              <test-case id="1139" name="RectangularCuboid_BoundingBoxVisitor_IsCorrect(-6,-2,-4,8)" fullname="Inheritance.Geometry.Visitor.BoundingBoxVisitor_Should.RectangularCuboid_BoundingBoxVisitor_IsCorrect(-6,-2,-4,8)" methodname="RectangularCuboid_BoundingBoxVisitor_IsCorrect" classname="Inheritance.Geometry.Visitor.BoundingBoxVisitor_Should" runstate="Runnable" seed="1915508224" result="Passed" start-time="2021-10-08 08:36:29Z" end-time="2021-10-08 08:36:29Z" duration="0.000228" asserts="4" />
              <test-case id="1140" name="RectangularCuboid_BoundingBoxVisitor_IsCorrect(6,2,-4,7)" fullname="Inheritance.Geometry.Visitor.BoundingBoxVisitor_Should.RectangularCuboid_BoundingBoxVisitor_IsCorrect(6,2,-4,7)" methodname="RectangularCuboid_BoundingBoxVisitor_IsCorrect" classname="Inheritance.Geometry.Visitor.BoundingBoxVisitor_Should" runstate="Runnable" seed="377586711" result="Passed" start-time="2021-10-08 08:36:29Z" end-time="2021-10-08 08:36:29Z" duration="0.000233" asserts="4" />
              <test-case id="1141" name="RectangularCuboid_BoundingBoxVisitor_IsCorrect(6,-2,-4,1)" fullname="Inheritance.Geometry.Visitor.BoundingBoxVisitor_Should.RectangularCuboid_BoundingBoxVisitor_IsCorrect(6,-2,-4,1)" methodname="RectangularCuboid_BoundingBoxVisitor_IsCorrect" classname="Inheritance.Geometry.Visitor.BoundingBoxVisitor_Should" runstate="Runnable" seed="2063293351" result="Passed" start-time="2021-10-08 08:36:29Z" end-time="2021-10-08 08:36:29Z" duration="0.000194" asserts="4" />
            </test-suite>
          </test-suite>
          <test-suite type="TestFixture" id="1167" name="BoxifyVisitor_Should" fullname="Inheritance.Geometry.Visitor.BoxifyVisitor_Should" classname="Inheritance.Geometry.Visitor.BoxifyVisitor_Should" runstate="Runnable" testcasecount="4" result="Passed" start-time="2021-10-08 08:36:29Z" end-time="2021-10-08 08:36:30Z" duration="0.140328" total="4" passed="4" failed="0" warnings="0" inconclusive="0" skipped="0" asserts="27">
            <test-case id="1168" name="Ball_BoxifyVisitor_IsCorrect" fullname="Inheritance.Geometry.Visitor.BoxifyVisitor_Should.Ball_BoxifyVisitor_IsCorrect" methodname="Ball_BoxifyVisitor_IsCorrect" classname="Inheritance.Geometry.Visitor.BoxifyVisitor_Should" runstate="Runnable" seed="871163600" result="Passed" start-time="2021-10-08 08:36:30Z" end-time="2021-10-08 08:36:30Z" duration="0.002303" asserts="4" />
            <test-case id="1171" name="CompoundBody_BoxifyVisitor_IsCorrect" fullname="Inheritance.Geometry.Visitor.BoxifyVisitor_Should.CompoundBody_BoxifyVisitor_IsCorrect" methodname="CompoundBody_BoxifyVisitor_IsCorrect" classname="Inheritance.Geometry.Visitor.BoxifyVisitor_Should" runstate="Runnable" seed="1867968954" result="Passed" start-time="2021-10-08 08:36:30Z" end-time="2021-10-08 08:36:30Z" duration="0.020556" asserts="15" />
            <test-case id="1170" name="Cylinder_BoxifyVisitor_IsCorrect" fullname="Inheritance.Geometry.Visitor.BoxifyVisitor_Should.Cylinder_BoxifyVisitor_IsCorrect" methodname="Cylinder_BoxifyVisitor_IsCorrect" classname="Inheritance.Geometry.Visitor.BoxifyVisitor_Should" runstate="Runnable" seed="1321118545" result="Passed" start-time="2021-10-08 08:36:30Z" end-time="2021-10-08 08:36:30Z" duration="0.001621" asserts="4" />
            <test-case id="1169" name="RectangularCuboid_BoxifyVisitor_IsCorrect" fullname="Inheritance.Geometry.Visitor.BoxifyVisitor_Should.RectangularCuboid_BoxifyVisitor_IsCorrect" methodname="RectangularCuboid_BoxifyVisitor_IsCorrect" classname="Inheritance.Geometry.Visitor.BoxifyVisitor_Should" runstate="Runnable" seed="514344946" result="Passed" start-time="2021-10-08 08:36:30Z" end-time="2021-10-08 08:36:30Z" duration="0.001084" asserts="4" />
          </test-suite>
        </test-suite>
      </test-suite>
    </test-suite>
  </test-suite>
</test-run>