<?xml version="1.0" encoding="utf-8"?>
<test-run id="2" name="Reflection.Differentiation.exe" fullname="D:/1Рабочий стол/что-то/документы/Институт/3курс/РТиППО/практики/17 Практика «Дифференцирование»/Reflection.Differentiation.csproj/bin/Debug/Reflection.Differentiation.exe" testcasecount="13" result="Passed" start-time="2021-11-15 17:55:48Z" end-time="2021-11-15 17:55:48Z" duration="0.528358" total="13" passed="13" failed="0" inconclusive="0" skipped="0" asserts="565" random-seed="1566620093">
  <command-line><![CDATA["D:\1Рабочий стол\что-то\документы\Институт\3курс\РТиППО\практики\17 Практика «Дифференцирование»\Reflection.Differentiation.csproj\bin\Debug\Reflection.Differentiation.exe"   ]]></command-line>
  <filter />
  <test-suite type="Assembly" id="1014" name="Reflection.Differentiation.exe" fullname="D:/1Рабочий стол/что-то/документы/Институт/3курс/РТиППО/практики/17 Практика «Дифференцирование»/Reflection.Differentiation.csproj/bin/Debug/Reflection.Differentiation.exe" runstate="Runnable" testcasecount="13" result="Passed" start-time="2021-11-15 17:55:48Z" end-time="2021-11-15 17:55:48Z" duration="0.528358" total="13" passed="13" failed="0" warnings="0" inconclusive="0" skipped="0" asserts="565">
    <environment framework-version="3.6.0.0" clr-version="4.0.30319.42000" os-version="Microsoft Windows NT 6.2.9200.0" platform="Win32NT" cwd="D:\1Рабочий стол\что-то\документы\Институт\3курс\РТиППО\практики\17 Практика «Дифференцирование»\Reflection.Differentiation.csproj\bin\Debug" machine-name="DESKTOP-9ANHSO3" user="89123" user-domain="DESKTOP-9ANHSO3" culture="ru-RU" uiculture="ru-RU" os-architecture="x86" />
    <settings>
      <setting name="WorkDirectory" value="D:\1Рабочий стол\что-то\документы\Институт\3курс\РТиППО\практики\17 Практика «Дифференцирование»\Reflection.Differentiation.csproj\bin\Debug" />
      <setting name="NumberOfTestWorkers" value="4" />
    </settings>
    <properties>
      <property name="_PID" value="18196" />
      <property name="_APPDOMAIN" value="Reflection.Differentiation.exe" />
    </properties>
    <test-suite type="TestSuite" id="1015" name="Reflection" fullname="Reflection" runstate="Runnable" testcasecount="13" result="Passed" start-time="2021-11-15 17:55:48Z" end-time="2021-11-15 17:55:48Z" duration="0.497273" total="13" passed="13" failed="0" warnings="0" inconclusive="0" skipped="0" asserts="565">
      <test-suite type="TestSuite" id="1016" name="Differentiation" fullname="Reflection.Differentiation" runstate="Runnable" testcasecount="13" result="Passed" start-time="2021-11-15 17:55:48Z" end-time="2021-11-15 17:55:48Z" duration="0.467008" total="13" passed="13" failed="0" warnings="0" inconclusive="0" skipped="0" asserts="565">
        <test-suite type="TestFixture" id="1000" name="Algebra_should" fullname="Reflection.Differentiation.Algebra_should" classname="Reflection.Differentiation.Algebra_should" runstate="Runnable" testcasecount="13" result="Passed" start-time="2021-11-15 17:55:48Z" end-time="2021-11-15 17:55:48Z" duration="0.436541" total="13" passed="13" failed="0" warnings="0" inconclusive="0" skipped="0" asserts="565">
          <test-case id="1011" name="DifferentiateComplexExpression" fullname="Reflection.Differentiation.Algebra_should.DifferentiateComplexExpression" methodname="DifferentiateComplexExpression" classname="Reflection.Differentiation.Algebra_should" runstate="Runnable" seed="2033477751" result="Passed" start-time="2021-11-15 17:55:48Z" end-time="2021-11-15 17:55:48Z" duration="0.023898" asserts="51" />
          <test-case id="1001" name="DifferentiateConstant" fullname="Reflection.Differentiation.Algebra_should.DifferentiateConstant" methodname="DifferentiateConstant" classname="Reflection.Differentiation.Algebra_should" runstate="Runnable" seed="523757123" result="Passed" start-time="2021-11-15 17:55:48Z" end-time="2021-11-15 17:55:48Z" duration="0.000562" asserts="51" />
          <test-case id="1009" name="DifferentiateCos1" fullname="Reflection.Differentiation.Algebra_should.DifferentiateCos1" methodname="DifferentiateCos1" classname="Reflection.Differentiation.Algebra_should" runstate="Runnable" seed="618126955" result="Passed" start-time="2021-11-15 17:55:48Z" end-time="2021-11-15 17:55:48Z" duration="0.000868" asserts="51" />
          <test-case id="1010" name="DifferentiateCos2" fullname="Reflection.Differentiation.Algebra_should.DifferentiateCos2" methodname="DifferentiateCos2" classname="Reflection.Differentiation.Algebra_should" runstate="Runnable" seed="753259826" result="Passed" start-time="2021-11-15 17:55:48Z" end-time="2021-11-15 17:55:48Z" duration="0.000930" asserts="51" />
          <test-case id="1003" name="DifferentiateLinearFunction" fullname="Reflection.Differentiation.Algebra_should.DifferentiateLinearFunction" methodname="DifferentiateLinearFunction" classname="Reflection.Differentiation.Algebra_should" runstate="Runnable" seed="443755434" result="Passed" start-time="2021-11-15 17:55:48Z" end-time="2021-11-15 17:55:48Z" duration="0.001027" asserts="51" />
          <test-case id="1002" name="DifferentiateParameter" fullname="Reflection.Differentiation.Algebra_should.DifferentiateParameter" methodname="DifferentiateParameter" classname="Reflection.Differentiation.Algebra_should" runstate="Runnable" seed="1629939280" result="Passed" start-time="2021-11-15 17:55:48Z" end-time="2021-11-15 17:55:48Z" duration="0.000590" asserts="51" />
          <test-case id="1004" name="DifferentiateQuadraticFunction" fullname="Reflection.Differentiation.Algebra_should.DifferentiateQuadraticFunction" methodname="DifferentiateQuadraticFunction" classname="Reflection.Differentiation.Algebra_should" runstate="Runnable" seed="1096072292" result="Passed" start-time="2021-11-15 17:55:48Z" end-time="2021-11-15 17:55:48Z" duration="0.002122" asserts="51" />
          <test-case id="1007" name="DifferentiateSin1" fullname="Reflection.Differentiation.Algebra_should.DifferentiateSin1" methodname="DifferentiateSin1" classname="Reflection.Differentiation.Algebra_should" runstate="Runnable" seed="587896369" result="Passed" start-time="2021-11-15 17:55:48Z" end-time="2021-11-15 17:55:48Z" duration="0.000850" asserts="51" />
          <test-case id="1008" name="DifferentiateSin2" fullname="Reflection.Differentiation.Algebra_should.DifferentiateSin2" methodname="DifferentiateSin2" classname="Reflection.Differentiation.Algebra_should" runstate="Runnable" seed="22721905" result="Passed" start-time="2021-11-15 17:55:48Z" end-time="2021-11-15 17:55:48Z" duration="0.001889" asserts="51" />
          <test-case id="1005" name="DifferentiateSum" fullname="Reflection.Differentiation.Algebra_should.DifferentiateSum" methodname="DifferentiateSum" classname="Reflection.Differentiation.Algebra_should" runstate="Runnable" seed="2015578987" result="Passed" start-time="2021-11-15 17:55:48Z" end-time="2021-11-15 17:55:48Z" duration="0.000908" asserts="51" />
          <test-case id="1006" name="DifferentiateSumAndProduct" fullname="Reflection.Differentiation.Algebra_should.DifferentiateSumAndProduct" methodname="DifferentiateSumAndProduct" classname="Reflection.Differentiation.Algebra_should" runstate="Runnable" seed="484888213" result="Passed" start-time="2021-11-15 17:55:48Z" end-time="2021-11-15 17:55:48Z" duration="0.001100" asserts="51" />
          <test-case id="1012" name="InformativeMessage_OnNotSupportedSyntax" fullname="Reflection.Differentiation.Algebra_should.InformativeMessage_OnNotSupportedSyntax" methodname="InformativeMessage_OnNotSupportedSyntax" classname="Reflection.Differentiation.Algebra_should" runstate="Runnable" seed="1562688363" result="Passed" start-time="2021-11-15 17:55:48Z" end-time="2021-11-15 17:55:48Z" duration="0.020969" asserts="2" />
          <test-case id="1013" name="InformativeMessage_OnUnknownFunction" fullname="Reflection.Differentiation.Algebra_should.InformativeMessage_OnUnknownFunction" methodname="InformativeMessage_OnUnknownFunction" classname="Reflection.Differentiation.Algebra_should" runstate="Runnable" seed="424406400" result="Passed" start-time="2021-11-15 17:55:48Z" end-time="2021-11-15 17:55:48Z" duration="0.001721" asserts="2" />
        </test-suite>
      </test-suite>
    </test-suite>
  </test-suite>
</test-run>