<?xml version="1.0" encoding="utf-8"?>
<test-run id="2" name="Inheritance.MapObjects.exe" fullname="D:/1Рабочий стол/что-то/документы/Институт/3курс/РТиППО/практики/6 Практика «HoMM»/Inheritance.MapObjects.csproj/bin/Debug/Inheritance.MapObjects.exe" testcasecount="6" result="Passed" start-time="2021-10-09 09:43:28Z" end-time="2021-10-09 09:43:28Z" duration="0.296062" total="6" passed="6" failed="0" inconclusive="0" skipped="0" asserts="15" random-seed="981204517">
  <command-line><![CDATA["D:\1Рабочий стол\что-то\документы\Институт\3курс\РТиППО\практики\6 Практика «HoMM»\Inheritance.MapObjects.csproj\bin\Debug\Inheritance.MapObjects.exe" ]]></command-line>
  <filter />
  <test-suite type="Assembly" id="1007" name="Inheritance.MapObjects.exe" fullname="D:/1Рабочий стол/что-то/документы/Институт/3курс/РТиППО/практики/6 Практика «HoMM»/Inheritance.MapObjects.csproj/bin/Debug/Inheritance.MapObjects.exe" runstate="Runnable" testcasecount="6" result="Passed" start-time="2021-10-09 09:43:28Z" end-time="2021-10-09 09:43:28Z" duration="0.296062" total="6" passed="6" failed="0" warnings="0" inconclusive="0" skipped="0" asserts="15">
    <environment framework-version="3.6.0.0" clr-version="4.0.30319.42000" os-version="Microsoft Windows NT 6.2.9200.0" platform="Win32NT" cwd="D:\1Рабочий стол\что-то\документы\Институт\3курс\РТиППО\практики\6 Практика «HoMM»\Inheritance.MapObjects.csproj\bin\Debug" machine-name="DESKTOP-9ANHSO3" user="89123" user-domain="DESKTOP-9ANHSO3" culture="ru-RU" uiculture="ru-RU" os-architecture="x86" />
    <settings>
      <setting name="WorkDirectory" value="D:\1Рабочий стол\что-то\документы\Институт\3курс\РТиППО\практики\6 Практика «HoMM»\Inheritance.MapObjects.csproj\bin\Debug" />
      <setting name="NumberOfTestWorkers" value="4" />
    </settings>
    <properties>
      <property name="_PID" value="11856" />
      <property name="_APPDOMAIN" value="Inheritance.MapObjects.exe" />
    </properties>
    <test-suite type="TestSuite" id="1008" name="Inheritance" fullname="Inheritance" runstate="Runnable" testcasecount="6" result="Passed" start-time="2021-10-09 09:43:28Z" end-time="2021-10-09 09:43:28Z" duration="0.264194" total="6" passed="6" failed="0" warnings="0" inconclusive="0" skipped="0" asserts="15">
      <test-suite type="TestSuite" id="1009" name="MapObjects" fullname="Inheritance.MapObjects" runstate="Runnable" testcasecount="6" result="Passed" start-time="2021-10-09 09:43:28Z" end-time="2021-10-09 09:43:28Z" duration="0.238593" total="6" passed="6" failed="0" warnings="0" inconclusive="0" skipped="0" asserts="15">
        <test-suite type="TestFixture" id="1000" name="Player_should" fullname="Inheritance.MapObjects.Player_should" classname="Inheritance.MapObjects.Player_should" runstate="Runnable" testcasecount="6" result="Passed" start-time="2021-10-09 09:43:28Z" end-time="2021-10-09 09:43:28Z" duration="0.207817" total="6" passed="6" failed="0" warnings="0" inconclusive="0" skipped="0" asserts="15">
          <test-case id="1002" name="BeatWeakCreepsAndCollectTreasure" fullname="Inheritance.MapObjects.Player_should.BeatWeakCreepsAndCollectTreasure" methodname="BeatWeakCreepsAndCollectTreasure" classname="Inheritance.MapObjects.Player_should" runstate="Runnable" seed="1782255692" result="Passed" start-time="2021-10-09 09:43:28Z" end-time="2021-10-09 09:43:28Z" duration="0.015926" asserts="2" />
          <test-case id="1005" name="BeatWeakGuardAndOwnDwelling" fullname="Inheritance.MapObjects.Player_should.BeatWeakGuardAndOwnDwelling" methodname="BeatWeakGuardAndOwnDwelling" classname="Inheritance.MapObjects.Player_should" runstate="Runnable" seed="1572455643" result="Passed" start-time="2021-10-09 09:43:28Z" end-time="2021-10-09 09:43:28Z" duration="0.001082" asserts="3" />
          <test-case id="1003" name="LoseToPowerfulCreeps" fullname="Inheritance.MapObjects.Player_should.LoseToPowerfulCreeps" methodname="LoseToPowerfulCreeps" classname="Inheritance.MapObjects.Player_should" runstate="Runnable" seed="1863357423" result="Passed" start-time="2021-10-09 09:43:28Z" end-time="2021-10-09 09:43:28Z" duration="0.000382" asserts="2" />
          <test-case id="1006" name="LoseToPowerfulGuard" fullname="Inheritance.MapObjects.Player_should.LoseToPowerfulGuard" methodname="LoseToPowerfulGuard" classname="Inheritance.MapObjects.Player_should" runstate="Runnable" seed="1004667439" result="Passed" start-time="2021-10-09 09:43:28Z" end-time="2021-10-09 09:43:28Z" duration="0.001478" asserts="3" />
          <test-case id="1004" name="OwnDwelling" fullname="Inheritance.MapObjects.Player_should.OwnDwelling" methodname="OwnDwelling" classname="Inheritance.MapObjects.Player_should" runstate="Runnable" seed="13080242" result="Passed" start-time="2021-10-09 09:43:28Z" end-time="2021-10-09 09:43:28Z" duration="0.002121" asserts="3" />
          <test-case id="1001" name="TakeResources" fullname="Inheritance.MapObjects.Player_should.TakeResources" methodname="TakeResources" classname="Inheritance.MapObjects.Player_should" runstate="Runnable" seed="1086229974" result="Passed" start-time="2021-10-09 09:43:28Z" end-time="2021-10-09 09:43:28Z" duration="0.000982" asserts="2" />
        </test-suite>
      </test-suite>
    </test-suite>
  </test-suite>
</test-run>