<?xml version="1.0" encoding="utf-8"?>
<test-run id="2" name="Incapsulation.Failures.exe" fullname="D:/1Рабочий стол/что-то/документы/Институт/3курс/РТиППО/практики/1 Сбои/Incapsulation.Failures.csproj/bin/Debug/Incapsulation.Failures.exe" testcasecount="3" result="Passed" start-time="2021-11-23 13:43:54Z" end-time="2021-11-23 13:43:54Z" duration="0.207970" total="3" passed="3" failed="0" inconclusive="0" skipped="0" asserts="3" random-seed="278888838">
  <command-line><![CDATA["D:\1Рабочий стол\что-то\документы\Институт\3курс\РТиППО\практики\1 Сбои\Incapsulation.Failures.csproj\bin\Debug\Incapsulation.Failures.exe"   ]]></command-line>
  <filter />
  <test-suite type="Assembly" id="1004" name="Incapsulation.Failures.exe" fullname="D:/1Рабочий стол/что-то/документы/Институт/3курс/РТиППО/практики/1 Сбои/Incapsulation.Failures.csproj/bin/Debug/Incapsulation.Failures.exe" runstate="Runnable" testcasecount="3" result="Passed" start-time="2021-11-23 13:43:54Z" end-time="2021-11-23 13:43:54Z" duration="0.207970" total="3" passed="3" failed="0" warnings="0" inconclusive="0" skipped="0" asserts="3">
    <environment framework-version="3.6.0.0" clr-version="4.0.30319.42000" os-version="Microsoft Windows NT 6.2.9200.0" platform="Win32NT" cwd="D:\1Рабочий стол\что-то\документы\Институт\3курс\РТиППО\практики\1 Сбои\Incapsulation.Failures.csproj\bin\Debug" machine-name="DESKTOP-9ANHSO3" user="89123" user-domain="DESKTOP-9ANHSO3" culture="ru-RU" uiculture="ru-RU" os-architecture="x86" />
    <settings>
      <setting name="WorkDirectory" value="D:\1Рабочий стол\что-то\документы\Институт\3курс\РТиППО\практики\1 Сбои\Incapsulation.Failures.csproj\bin\Debug" />
      <setting name="NumberOfTestWorkers" value="4" />
    </settings>
    <properties>
      <property name="_PID" value="16812" />
      <property name="_APPDOMAIN" value="Incapsulation.Failures.exe" />
    </properties>
    <test-suite type="TestSuite" id="1005" name="Incapsulation" fullname="Incapsulation" runstate="Runnable" testcasecount="3" result="Passed" start-time="2021-11-23 13:43:54Z" end-time="2021-11-23 13:43:54Z" duration="0.176092" total="3" passed="3" failed="0" warnings="0" inconclusive="0" skipped="0" asserts="3">
      <test-suite type="TestSuite" id="1006" name="Failures" fullname="Incapsulation.Failures" runstate="Runnable" testcasecount="3" result="Passed" start-time="2021-11-23 13:43:54Z" end-time="2021-11-23 13:43:54Z" duration="0.144815" total="3" passed="3" failed="0" warnings="0" inconclusive="0" skipped="0" asserts="3">
        <test-suite type="TestFixture" id="1000" name="ReportMaker_Tests" fullname="Incapsulation.Failures.ReportMaker_Tests" classname="Incapsulation.Failures.ReportMaker_Tests" runstate="Runnable" testcasecount="3" result="Passed" start-time="2021-11-23 13:43:54Z" end-time="2021-11-23 13:43:54Z" duration="0.113843" total="3" passed="3" failed="0" warnings="0" inconclusive="0" skipped="0" asserts="3">
          <test-case id="1003" name="FilterManyDevices" fullname="Incapsulation.Failures.ReportMaker_Tests.FilterManyDevices" methodname="FilterManyDevices" classname="Incapsulation.Failures.ReportMaker_Tests" runstate="Runnable" seed="392804702" result="Passed" start-time="2021-11-23 13:43:54Z" end-time="2021-11-23 13:43:54Z" duration="0.018637" asserts="1" />
          <test-case id="1002" name="FilterSingleDevice" fullname="Incapsulation.Failures.ReportMaker_Tests.FilterSingleDevice" methodname="FilterSingleDevice" classname="Incapsulation.Failures.ReportMaker_Tests" runstate="Runnable" seed="326387317" result="Passed" start-time="2021-11-23 13:43:54Z" end-time="2021-11-23 13:43:54Z" duration="0.000674" asserts="1" />
          <test-case id="1001" name="NoDevices" fullname="Incapsulation.Failures.ReportMaker_Tests.NoDevices" methodname="NoDevices" classname="Incapsulation.Failures.ReportMaker_Tests" runstate="Runnable" seed="1271348991" result="Passed" start-time="2021-11-23 13:43:54Z" end-time="2021-11-23 13:43:54Z" duration="0.001218" asserts="1" />
        </test-suite>
      </test-suite>
    </test-suite>
  </test-suite>
</test-run>