<?xml version="1.0" encoding="utf-8"?>
<test-run id="2" name="Delegates.PairsAnalysis.exe" fullname="D:/1Рабочий стол/что-то/документы/Институт/3курс/РТиППО/практики/15 Практика «Анализ пар»/Delegates.PairsAnalysis.csproj/bin/Debug/Delegates.PairsAnalysis.exe" testcasecount="12" result="Passed" start-time="2021-11-15 13:30:59Z" end-time="2021-11-15 13:31:00Z" duration="0.571174" total="12" passed="12" failed="0" inconclusive="0" skipped="0" asserts="12" random-seed="1458162996">
  <command-line><![CDATA["D:\1Рабочий стол\что-то\документы\Институт\3курс\РТиППО\практики\15 Практика «Анализ пар»\Delegates.PairsAnalysis.csproj\bin\Debug\Delegates.PairsAnalysis.exe"   ]]></command-line>
  <filter />
  <test-suite type="Assembly" id="1015" name="Delegates.PairsAnalysis.exe" fullname="D:/1Рабочий стол/что-то/документы/Институт/3курс/РТиППО/практики/15 Практика «Анализ пар»/Delegates.PairsAnalysis.csproj/bin/Debug/Delegates.PairsAnalysis.exe" runstate="Runnable" testcasecount="12" result="Passed" start-time="2021-11-15 13:30:59Z" end-time="2021-11-15 13:31:00Z" duration="0.571174" total="12" passed="12" failed="0" warnings="0" inconclusive="0" skipped="0" asserts="12">
    <environment framework-version="3.6.0.0" clr-version="4.0.30319.42000" os-version="Microsoft Windows NT 6.2.9200.0" platform="Win32NT" cwd="D:\1Рабочий стол\что-то\документы\Институт\3курс\РТиППО\практики\15 Практика «Анализ пар»\Delegates.PairsAnalysis.csproj\bin\Debug" machine-name="DESKTOP-9ANHSO3" user="89123" user-domain="DESKTOP-9ANHSO3" culture="ru-RU" uiculture="ru-RU" os-architecture="x86" />
    <settings>
      <setting name="WorkDirectory" value="D:\1Рабочий стол\что-то\документы\Институт\3курс\РТиППО\практики\15 Практика «Анализ пар»\Delegates.PairsAnalysis.csproj\bin\Debug" />
      <setting name="NumberOfTestWorkers" value="4" />
    </settings>
    <properties>
      <property name="_PID" value="7812" />
      <property name="_APPDOMAIN" value="Delegates.PairsAnalysis.exe" />
    </properties>
    <test-suite type="TestSuite" id="1016" name="Delegates" fullname="Delegates" runstate="Runnable" testcasecount="12" result="Passed" start-time="2021-11-15 13:30:59Z" end-time="2021-11-15 13:31:00Z" duration="0.539125" total="12" passed="12" failed="0" warnings="0" inconclusive="0" skipped="0" asserts="12">
      <test-suite type="TestSuite" id="1017" name="PairsAnalysis" fullname="Delegates.PairsAnalysis" runstate="Runnable" testcasecount="12" result="Passed" start-time="2021-11-15 13:30:59Z" end-time="2021-11-15 13:31:00Z" duration="0.507978" total="12" passed="12" failed="0" warnings="0" inconclusive="0" skipped="0" asserts="12">
        <test-suite type="TestFixture" id="1000" name="Analysis_should" fullname="Delegates.PairsAnalysis.Analysis_should" classname="Delegates.PairsAnalysis.Analysis_should" runstate="Runnable" testcasecount="12" result="Passed" start-time="2021-11-15 13:30:59Z" end-time="2021-11-15 13:31:00Z" duration="0.476087" total="12" passed="12" failed="0" warnings="0" inconclusive="0" skipped="0" asserts="12">
          <test-suite type="ParameterizedMethod" id="1012" name="FindAverageRelativeDifference_ProcessDoublesCorrectly" fullname="Delegates.PairsAnalysis.Analysis_should.FindAverageRelativeDifference_ProcessDoublesCorrectly" classname="Delegates.PairsAnalysis.Analysis_should" runstate="Runnable" testcasecount="5" result="Passed" start-time="2021-11-15 13:30:59Z" end-time="2021-11-15 13:30:59Z" duration="0.176284" total="5" passed="5" failed="0" warnings="0" inconclusive="0" skipped="0" asserts="5">
            <test-case id="1007" name="FindAverageRelativeDifference_ProcessDoublesCorrectly(0.0d,System.Double[])" fullname="Delegates.PairsAnalysis.Analysis_should.FindAverageRelativeDifference_ProcessDoublesCorrectly(0.0d,System.Double[])" methodname="FindAverageRelativeDifference_ProcessDoublesCorrectly" classname="Delegates.PairsAnalysis.Analysis_should" runstate="Runnable" seed="1384421921" result="Passed" start-time="2021-11-15 13:30:59Z" end-time="2021-11-15 13:30:59Z" duration="0.017754" asserts="1" />
            <test-case id="1008" name="FindAverageRelativeDifference_ProcessDoublesCorrectly(1.0d,System.Double[])" fullname="Delegates.PairsAnalysis.Analysis_should.FindAverageRelativeDifference_ProcessDoublesCorrectly(1.0d,System.Double[])" methodname="FindAverageRelativeDifference_ProcessDoublesCorrectly" classname="Delegates.PairsAnalysis.Analysis_should" runstate="Runnable" seed="814466939" result="Passed" start-time="2021-11-15 13:30:59Z" end-time="2021-11-15 13:30:59Z" duration="0.000299" asserts="1" />
            <test-case id="1009" name="FindAverageRelativeDifference_ProcessDoublesCorrectly(-1.0d,System.Double[])" fullname="Delegates.PairsAnalysis.Analysis_should.FindAverageRelativeDifference_ProcessDoublesCorrectly(-1.0d,System.Double[])" methodname="FindAverageRelativeDifference_ProcessDoublesCorrectly" classname="Delegates.PairsAnalysis.Analysis_should" runstate="Runnable" seed="1530369827" result="Passed" start-time="2021-11-15 13:30:59Z" end-time="2021-11-15 13:30:59Z" duration="0.000149" asserts="1" />
            <test-case id="1010" name="FindAverageRelativeDifference_ProcessDoublesCorrectly(0.1d,System.Double[])" fullname="Delegates.PairsAnalysis.Analysis_should.FindAverageRelativeDifference_ProcessDoublesCorrectly(0.1d,System.Double[])" methodname="FindAverageRelativeDifference_ProcessDoublesCorrectly" classname="Delegates.PairsAnalysis.Analysis_should" runstate="Runnable" seed="1629210402" result="Passed" start-time="2021-11-15 13:30:59Z" end-time="2021-11-15 13:30:59Z" duration="0.000124" asserts="1" />
            <test-case id="1011" name="FindAverageRelativeDifference_ProcessDoublesCorrectly(1.5d,System.Double[])" fullname="Delegates.PairsAnalysis.Analysis_should.FindAverageRelativeDifference_ProcessDoublesCorrectly(1.5d,System.Double[])" methodname="FindAverageRelativeDifference_ProcessDoublesCorrectly" classname="Delegates.PairsAnalysis.Analysis_should" runstate="Runnable" seed="89291316" result="Passed" start-time="2021-11-15 13:30:59Z" end-time="2021-11-15 13:30:59Z" duration="0.000141" asserts="1" />
          </test-suite>
          <test-case id="1013" name="FindAverageRelativeDifference_ThrowsAtEmptyCollection" fullname="Delegates.PairsAnalysis.Analysis_should.FindAverageRelativeDifference_ThrowsAtEmptyCollection" methodname="FindAverageRelativeDifference_ThrowsAtEmptyCollection" classname="Delegates.PairsAnalysis.Analysis_should" runstate="Runnable" seed="2076657624" result="Passed" start-time="2021-11-15 13:30:59Z" end-time="2021-11-15 13:30:59Z" duration="0.011986" asserts="1" />
          <test-case id="1014" name="FindAverageRelativeDifference_ThrowsAtOneElementCollection" fullname="Delegates.PairsAnalysis.Analysis_should.FindAverageRelativeDifference_ThrowsAtOneElementCollection" methodname="FindAverageRelativeDifference_ThrowsAtOneElementCollection" classname="Delegates.PairsAnalysis.Analysis_should" runstate="Runnable" seed="231874848" result="Passed" start-time="2021-11-15 13:30:59Z" end-time="2021-11-15 13:30:59Z" duration="0.001651" asserts="1" />
          <test-suite type="ParameterizedMethod" id="1004" name="FindMaxPeriodIndex_ProcessDatesCorrectly" fullname="Delegates.PairsAnalysis.Analysis_should.FindMaxPeriodIndex_ProcessDatesCorrectly" classname="Delegates.PairsAnalysis.Analysis_should" runstate="Runnable" testcasecount="3" result="Passed" start-time="2021-11-15 13:30:59Z" end-time="2021-11-15 13:31:00Z" duration="0.110998" total="3" passed="3" failed="0" warnings="0" inconclusive="0" skipped="0" asserts="3">
            <test-case id="1001" name="FindMaxPeriodIndex_ProcessDatesCorrectly(0,System.String[])" fullname="Delegates.PairsAnalysis.Analysis_should.FindMaxPeriodIndex_ProcessDatesCorrectly(0,System.String[])" methodname="FindMaxPeriodIndex_ProcessDatesCorrectly" classname="Delegates.PairsAnalysis.Analysis_should" runstate="Runnable" seed="1178817601" result="Passed" start-time="2021-11-15 13:30:59Z" end-time="2021-11-15 13:30:59Z" duration="0.018176" asserts="1" />
            <test-case id="1002" name="FindMaxPeriodIndex_ProcessDatesCorrectly(2,System.String[])" fullname="Delegates.PairsAnalysis.Analysis_should.FindMaxPeriodIndex_ProcessDatesCorrectly(2,System.String[])" methodname="FindMaxPeriodIndex_ProcessDatesCorrectly" classname="Delegates.PairsAnalysis.Analysis_should" runstate="Runnable" seed="1342835904" result="Passed" start-time="2021-11-15 13:31:00Z" end-time="2021-11-15 13:31:00Z" duration="0.000143" asserts="1" />
            <test-case id="1003" name="FindMaxPeriodIndex_ProcessDatesCorrectly(4,System.String[])" fullname="Delegates.PairsAnalysis.Analysis_should.FindMaxPeriodIndex_ProcessDatesCorrectly(4,System.String[])" methodname="FindMaxPeriodIndex_ProcessDatesCorrectly" classname="Delegates.PairsAnalysis.Analysis_should" runstate="Runnable" seed="863139215" result="Passed" start-time="2021-11-15 13:31:00Z" end-time="2021-11-15 13:31:00Z" duration="0.000234" asserts="1" />
          </test-suite>
          <test-case id="1005" name="FindMaxPeriodIndex_ThrowsAtEmptyCollection" fullname="Delegates.PairsAnalysis.Analysis_should.FindMaxPeriodIndex_ThrowsAtEmptyCollection" methodname="FindMaxPeriodIndex_ThrowsAtEmptyCollection" classname="Delegates.PairsAnalysis.Analysis_should" runstate="Runnable" seed="168073003" result="Passed" start-time="2021-11-15 13:31:00Z" end-time="2021-11-15 13:31:00Z" duration="0.000718" asserts="1" />
          <test-case id="1006" name="FindMaxPeriodIndex_ThrowsAtOneElementCollection" fullname="Delegates.PairsAnalysis.Analysis_should.FindMaxPeriodIndex_ThrowsAtOneElementCollection" methodname="FindMaxPeriodIndex_ThrowsAtOneElementCollection" classname="Delegates.PairsAnalysis.Analysis_should" runstate="Runnable" seed="325092978" result="Passed" start-time="2021-11-15 13:31:00Z" end-time="2021-11-15 13:31:00Z" duration="0.000498" asserts="1" />
        </test-suite>
      </test-suite>
    </test-suite>
  </test-suite>
</test-run>